{"/Users/excollodev/Downloads/RHP-Document/smart-rhp-pilot/src/components/authcomponents/LoginForm.tsx": {"path":"/Users/excollodev/Downloads/RHP-Document/smart-rhp-pilot/src/components/authcomponents/LoginForm.tsx","statementMap":{"0":{"start":{"line":23,"column":19},"end":{"line":28,"column":null}},"1":{"start":{"line":31,"column":17},"end":{"line":31,"column":null}},"2":{"start":{"line":32,"column":33},"end":{"line":32,"column":null}},"3":{"start":{"line":33,"column":39},"end":{"line":33,"column":null}},"4":{"start":{"line":34,"column":8},"end":{"line":34,"column":null}},"5":{"start":{"line":35,"column":8},"end":{"line":38,"column":null}},"6":{"start":{"line":41,"column":4},"end":{"line":41,"column":null}},"7":{"start":{"line":42,"column":4},"end":{"line":62,"column":null}},"8":{"start":{"line":43,"column":44},"end":{"line":45,"column":null}},"9":{"start":{"line":47,"column":6},"end":{"line":47,"column":null}},"10":{"start":{"line":48,"column":6},"end":{"line":48,"column":null}},"11":{"start":{"line":51,"column":8},"end":{"line":53,"column":null}},"12":{"start":{"line":55,"column":6},"end":{"line":59,"column":null}},"13":{"start":{"line":56,"column":8},"end":{"line":56,"column":null}},"14":{"start":{"line":58,"column":8},"end":{"line":58,"column":null}},"15":{"start":{"line":61,"column":6},"end":{"line":61,"column":null}},"16":{"start":{"line":114,"column":35},"end":{"line":114,"column":null}},"17":{"start":{"line":133,"column":14},"end":{"line":133,"column":null}},"18":{"start":{"line":134,"column":14},"end":{"line":134,"column":null}},"19":{"start":{"line":136,"column":14},"end":{"line":136,"column":null}},"20":{"start":{"line":159,"column":27},"end":{"line":159,"column":null}},"21":{"start":{"line":190,"column":14},"end":{"line":195,"column":null}},"22":{"start":{"line":191,"column":28},"end":{"line":191,"column":null}},"23":{"start":{"line":192,"column":16},"end":{"line":192,"column":null}},"24":{"start":{"line":194,"column":16},"end":{"line":194,"column":null}}},"fnMap":{"0":{"name":"LoginForm","decl":{"start":{"line":30,"column":16},"end":{"line":30,"column":null}},"loc":{"start":{"line":30,"column":16},"end":{"line":214,"column":null}},"line":30},"1":{"name":"onSubmit","decl":{"start":{"line":40,"column":17},"end":{"line":40,"column":26}},"loc":{"start":{"line":40,"column":60},"end":{"line":63,"column":null}},"line":40},"2":{"name":"(anonymous_2)","decl":{"start":{"line":114,"column":29},"end":{"line":114,"column":35}},"loc":{"start":{"line":114,"column":35},"end":{"line":114,"column":null}},"line":114},"3":{"name":"(anonymous_3)","decl":{"start":{"line":132,"column":21},"end":{"line":132,"column":22}},"loc":{"start":{"line":132,"column":22},"end":{"line":137,"column":null}},"line":132},"4":{"name":"(anonymous_4)","decl":{"start":{"line":159,"column":21},"end":{"line":159,"column":27}},"loc":{"start":{"line":159,"column":27},"end":{"line":159,"column":null}},"line":159},"5":{"name":"(anonymous_5)","decl":{"start":{"line":189,"column":21},"end":{"line":189,"column":null}},"loc":{"start":{"line":189,"column":21},"end":{"line":196,"column":null}},"line":189}},"branchMap":{"0":{"loc":{"start":{"line":51,"column":8},"end":{"line":53,"column":null}},"type":"binary-expr","locations":[{"start":{"line":51,"column":8},"end":{"line":51,"column":null}},{"start":{"line":52,"column":8},"end":{"line":52,"column":null}},{"start":{"line":53,"column":8},"end":{"line":53,"column":null}}],"line":51},"1":{"loc":{"start":{"line":55,"column":6},"end":{"line":59,"column":null}},"type":"if","locations":[{"start":{"line":55,"column":6},"end":{"line":59,"column":null}},{"start":{"line":57,"column":13},"end":{"line":59,"column":null}}],"line":55},"2":{"loc":{"start":{"line":107,"column":26},"end":{"line":107,"column":null}},"type":"cond-expr","locations":[{"start":{"line":107,"column":41},"end":{"line":107,"column":50}},{"start":{"line":107,"column":50},"end":{"line":107,"column":null}}],"line":107}},"s":{"0":1,"1":53,"2":53,"3":53,"4":53,"5":53,"6":3,"7":3,"8":3,"9":2,"10":2,"11":1,"12":1,"13":0,"14":1,"15":3,"16":2,"17":0,"18":0,"19":0,"20":0,"21":0,"22":0,"23":0,"24":0},"f":{"0":53,"1":3,"2":2,"3":0,"4":0,"5":0},"b":{"0":[1,0,0],"1":[0,1],"2":[1,91]},"meta":{"lastBranch":3,"lastFunction":6,"lastStatement":25,"seen":{"s:23:19:28:Infinity":0,"f:30:16:30:Infinity":0,"s:31:17:31:Infinity":1,"s:32:33:32:Infinity":2,"s:33:39:33:Infinity":3,"s:34:8:34:Infinity":4,"s:35:8:38:Infinity":5,"f:40:17:40:26":1,"s:41:4:41:Infinity":6,"s:42:4:62:Infinity":7,"s:43:44:45:Infinity":8,"s:47:6:47:Infinity":9,"s:48:6:48:Infinity":10,"s:51:8:53:Infinity":11,"b:51:8:51:Infinity:52:8:52:Infinity:53:8:53:Infinity":0,"b:55:6:59:Infinity:57:13:59:Infinity":1,"s:55:6:59:Infinity":12,"s:56:8:56:Infinity":13,"s:58:8:58:Infinity":14,"s:61:6:61:Infinity":15,"b:107:41:107:50:107:50:107:Infinity":2,"f:114:29:114:35":2,"s:114:35:114:Infinity":16,"f:132:21:132:22":3,"s:133:14:133:Infinity":17,"s:134:14:134:Infinity":18,"s:136:14:136:Infinity":19,"f:159:21:159:27":4,"s:159:27:159:Infinity":20,"f:189:21:189:Infinity":5,"s:190:14:195:Infinity":21,"s:191:28:191:Infinity":22,"s:192:16:192:Infinity":23,"s:194:16:194:Infinity":24}}}
,"/Users/excollodev/Downloads/RHP-Document/smart-rhp-pilot/src/components/authcomponents/RegisterForm.tsx": {"path":"/Users/excollodev/Downloads/RHP-Document/smart-rhp-pilot/src/components/authcomponents/RegisterForm.tsx","statementMap":{"0":{"start":{"line":24,"column":19},"end":{"line":45,"column":null}},"1":{"start":{"line":42,"column":20},"end":{"line":42,"column":58}},"2":{"start":{"line":55,"column":17},"end":{"line":55,"column":null}},"3":{"start":{"line":56,"column":8},"end":{"line":56,"column":null}},"4":{"start":{"line":57,"column":8},"end":{"line":57,"column":null}},"5":{"start":{"line":58,"column":33},"end":{"line":58,"column":null}},"6":{"start":{"line":59,"column":37},"end":{"line":59,"column":null}},"7":{"start":{"line":60,"column":39},"end":{"line":60,"column":null}},"8":{"start":{"line":61,"column":21},"end":{"line":61,"column":null}},"9":{"start":{"line":62,"column":39},"end":{"line":62,"column":null}},"10":{"start":{"line":63,"column":53},"end":{"line":63,"column":null}},"11":{"start":{"line":65,"column":8},"end":{"line":72,"column":null}},"12":{"start":{"line":75,"column":4},"end":{"line":75,"column":null}},"13":{"start":{"line":76,"column":4},"end":{"line":132,"column":null}},"14":{"start":{"line":78,"column":6},"end":{"line":81,"column":null}},"15":{"start":{"line":82,"column":6},"end":{"line":82,"column":null}},"16":{"start":{"line":83,"column":6},"end":{"line":83,"column":null}},"17":{"start":{"line":84,"column":6},"end":{"line":84,"column":null}},"18":{"start":{"line":85,"column":6},"end":{"line":85,"column":null}},"19":{"start":{"line":88,"column":21},"end":{"line":88,"column":null}},"20":{"start":{"line":89,"column":27},"end":{"line":89,"column":null}},"21":{"start":{"line":90,"column":6},"end":{"line":114,"column":null}},"22":{"start":{"line":91,"column":8},"end":{"line":113,"column":null}},"23":{"start":{"line":92,"column":25},"end":{"line":93,"column":null}},"24":{"start":{"line":97,"column":10},"end":{"line":104,"column":null}},"25":{"start":{"line":98,"column":12},"end":{"line":99,"column":null}},"26":{"start":{"line":102,"column":12},"end":{"line":102,"column":null}},"27":{"start":{"line":103,"column":12},"end":{"line":103,"column":null}},"28":{"start":{"line":106,"column":10},"end":{"line":106,"column":null}},"29":{"start":{"line":107,"column":10},"end":{"line":107,"column":null}},"30":{"start":{"line":108,"column":10},"end":{"line":108,"column":null}},"31":{"start":{"line":110,"column":10},"end":{"line":111,"column":null}},"32":{"start":{"line":117,"column":8},"end":{"line":118,"column":null}},"33":{"start":{"line":120,"column":6},"end":{"line":129,"column":null}},"34":{"start":{"line":121,"column":8},"end":{"line":126,"column":null}},"35":{"start":{"line":128,"column":8},"end":{"line":128,"column":null}},"36":{"start":{"line":131,"column":6},"end":{"line":131,"column":null}},"37":{"start":{"line":136,"column":4},"end":{"line":139,"column":null}},"38":{"start":{"line":137,"column":6},"end":{"line":137,"column":null}},"39":{"start":{"line":138,"column":6},"end":{"line":138,"column":null}},"40":{"start":{"line":140,"column":4},"end":{"line":140,"column":null}},"41":{"start":{"line":141,"column":4},"end":{"line":179,"column":null}},"42":{"start":{"line":142,"column":44},"end":{"line":144,"column":null}},"43":{"start":{"line":146,"column":6},"end":{"line":146,"column":null}},"44":{"start":{"line":147,"column":6},"end":{"line":147,"column":null}},"45":{"start":{"line":150,"column":21},"end":{"line":150,"column":null}},"46":{"start":{"line":151,"column":27},"end":{"line":151,"column":null}},"47":{"start":{"line":152,"column":6},"end":{"line":172,"column":null}},"48":{"start":{"line":153,"column":8},"end":{"line":171,"column":null}},"49":{"start":{"line":154,"column":25},"end":{"line":155,"column":null}},"50":{"start":{"line":157,"column":10},"end":{"line":163,"column":null}},"51":{"start":{"line":158,"column":12},"end":{"line":159,"column":null}},"52":{"start":{"line":161,"column":12},"end":{"line":161,"column":null}},"53":{"start":{"line":162,"column":12},"end":{"line":162,"column":null}},"54":{"start":{"line":164,"column":10},"end":{"line":164,"column":null}},"55":{"start":{"line":165,"column":10},"end":{"line":165,"column":null}},"56":{"start":{"line":166,"column":10},"end":{"line":166,"column":null}},"57":{"start":{"line":168,"column":10},"end":{"line":169,"column":null}},"58":{"start":{"line":173,"column":6},"end":{"line":173,"column":null}},"59":{"start":{"line":175,"column":18},"end":{"line":175,"column":null}},"60":{"start":{"line":176,"column":6},"end":{"line":176,"column":null}},"61":{"start":{"line":178,"column":6},"end":{"line":178,"column":null}},"62":{"start":{"line":230,"column":37},"end":{"line":230,"column":null}},"63":{"start":{"line":267,"column":24},"end":{"line":267,"column":null}},"64":{"start":{"line":298,"column":29},"end":{"line":298,"column":null}},"65":{"start":{"line":328,"column":16},"end":{"line":333,"column":null}},"66":{"start":{"line":329,"column":30},"end":{"line":329,"column":null}},"67":{"start":{"line":330,"column":18},"end":{"line":330,"column":null}},"68":{"start":{"line":332,"column":18},"end":{"line":332,"column":null}},"69":{"start":{"line":357,"column":33},"end":{"line":357,"column":null}},"70":{"start":{"line":375,"column":31},"end":{"line":375,"column":54}},"71":{"start":{"line":375,"column":54},"end":{"line":375,"column":66}}},"fnMap":{"0":{"name":"(anonymous_0)","decl":{"start":{"line":42,"column":10},"end":{"line":42,"column":11}},"loc":{"start":{"line":42,"column":20},"end":{"line":42,"column":58}},"line":42},"1":{"name":"RegisterForm","decl":{"start":{"line":50,"column":16},"end":{"line":50,"column":29}},"loc":{"start":{"line":54,"column":1},"end":{"line":384,"column":null}},"line":54},"2":{"name":"onSubmit","decl":{"start":{"line":74,"column":17},"end":{"line":74,"column":26}},"loc":{"start":{"line":74,"column":60},"end":{"line":133,"column":null}},"line":74},"3":{"name":"onVerifyOtp","decl":{"start":{"line":135,"column":17},"end":{"line":135,"column":null}},"loc":{"start":{"line":135,"column":17},"end":{"line":180,"column":null}},"line":135},"4":{"name":"(anonymous_4)","decl":{"start":{"line":230,"column":31},"end":{"line":230,"column":37}},"loc":{"start":{"line":230,"column":37},"end":{"line":230,"column":null}},"line":230},"5":{"name":"(anonymous_5)","decl":{"start":{"line":266,"column":31},"end":{"line":266,"column":null}},"loc":{"start":{"line":267,"column":24},"end":{"line":267,"column":null}},"line":267},"6":{"name":"(anonymous_6)","decl":{"start":{"line":298,"column":23},"end":{"line":298,"column":29}},"loc":{"start":{"line":298,"column":29},"end":{"line":298,"column":null}},"line":298},"7":{"name":"(anonymous_7)","decl":{"start":{"line":327,"column":23},"end":{"line":327,"column":null}},"loc":{"start":{"line":327,"column":23},"end":{"line":334,"column":null}},"line":327},"8":{"name":"(anonymous_8)","decl":{"start":{"line":357,"column":26},"end":{"line":357,"column":27}},"loc":{"start":{"line":357,"column":33},"end":{"line":357,"column":null}},"line":357},"9":{"name":"(anonymous_9)","decl":{"start":{"line":375,"column":23},"end":{"line":375,"column":31}},"loc":{"start":{"line":375,"column":23},"end":{"line":375,"column":null}},"line":375}},"branchMap":{"0":{"loc":{"start":{"line":90,"column":6},"end":{"line":114,"column":null}},"type":"if","locations":[{"start":{"line":90,"column":6},"end":{"line":114,"column":null}},{"start":{},"end":{}}],"line":90},"1":{"loc":{"start":{"line":97,"column":10},"end":{"line":104,"column":null}},"type":"if","locations":[{"start":{"line":97,"column":10},"end":{"line":104,"column":null}},{"start":{},"end":{}}],"line":97},"2":{"loc":{"start":{"line":111,"column":12},"end":{"line":111,"column":null}},"type":"binary-expr","locations":[{"start":{"line":111,"column":12},"end":{"line":111,"column":42}},{"start":{"line":111,"column":42},"end":{"line":111,"column":null}}],"line":111},"3":{"loc":{"start":{"line":117,"column":8},"end":{"line":118,"column":null}},"type":"binary-expr","locations":[{"start":{"line":117,"column":8},"end":{"line":117,"column":null}},{"start":{"line":118,"column":8},"end":{"line":118,"column":null}}],"line":117},"4":{"loc":{"start":{"line":120,"column":6},"end":{"line":129,"column":null}},"type":"if","locations":[{"start":{"line":120,"column":6},"end":{"line":129,"column":null}},{"start":{"line":127,"column":13},"end":{"line":129,"column":null}}],"line":120},"5":{"loc":{"start":{"line":136,"column":4},"end":{"line":139,"column":null}},"type":"if","locations":[{"start":{"line":136,"column":4},"end":{"line":139,"column":null}},{"start":{},"end":{}}],"line":136},"6":{"loc":{"start":{"line":136,"column":8},"end":{"line":136,"column":31}},"type":"binary-expr","locations":[{"start":{"line":136,"column":8},"end":{"line":136,"column":25}},{"start":{"line":136,"column":25},"end":{"line":136,"column":31}}],"line":136},"7":{"loc":{"start":{"line":152,"column":6},"end":{"line":172,"column":null}},"type":"if","locations":[{"start":{"line":152,"column":6},"end":{"line":172,"column":null}},{"start":{},"end":{}}],"line":152},"8":{"loc":{"start":{"line":157,"column":10},"end":{"line":163,"column":null}},"type":"if","locations":[{"start":{"line":157,"column":10},"end":{"line":163,"column":null}},{"start":{},"end":{}}],"line":157},"9":{"loc":{"start":{"line":169,"column":12},"end":{"line":169,"column":null}},"type":"binary-expr","locations":[{"start":{"line":169,"column":12},"end":{"line":169,"column":42}},{"start":{"line":169,"column":42},"end":{"line":169,"column":null}}],"line":169},"10":{"loc":{"start":{"line":175,"column":18},"end":{"line":175,"column":null}},"type":"binary-expr","locations":[{"start":{"line":175,"column":18},"end":{"line":175,"column":52}},{"start":{"line":175,"column":52},"end":{"line":175,"column":null}}],"line":175},"11":{"loc":{"start":{"line":223,"column":28},"end":{"line":223,"column":null}},"type":"cond-expr","locations":[{"start":{"line":223,"column":43},"end":{"line":223,"column":52}},{"start":{"line":223,"column":52},"end":{"line":223,"column":null}}],"line":223},"12":{"loc":{"start":{"line":259,"column":28},"end":{"line":259,"column":null}},"type":"cond-expr","locations":[{"start":{"line":259,"column":50},"end":{"line":259,"column":59}},{"start":{"line":259,"column":59},"end":{"line":259,"column":null}}],"line":259}},"s":{"0":1,"1":5,"2":60,"3":60,"4":60,"5":60,"6":60,"7":60,"8":60,"9":60,"10":60,"11":60,"12":3,"13":3,"14":3,"15":2,"16":2,"17":2,"18":2,"19":0,"20":0,"21":0,"22":0,"23":0,"24":0,"25":0,"26":0,"27":0,"28":0,"29":0,"30":0,"31":0,"32":1,"33":1,"34":1,"35":0,"36":3,"37":0,"38":0,"39":0,"40":0,"41":0,"42":0,"43":0,"44":0,"45":0,"46":0,"47":0,"48":0,"49":0,"50":0,"51":0,"52":0,"53":0,"54":0,"55":0,"56":0,"57":0,"58":0,"59":0,"60":0,"61":0,"62":1,"63":1,"64":0,"65":0,"66":0,"67":0,"68":0,"69":0,"70":0,"71":0},"f":{"0":5,"1":60,"2":3,"3":0,"4":1,"5":1,"6":0,"7":0,"8":0,"9":0},"b":{"0":[0,0],"1":[0,0],"2":[0,0],"3":[1,0],"4":[1,0],"5":[0,0],"6":[0,0],"7":[0,0],"8":[0,0],"9":[0,0],"10":[0,0],"11":[2,102],"12":[1,109]},"meta":{"lastBranch":13,"lastFunction":10,"lastStatement":72,"seen":{"s:24:19:45:Infinity":0,"f:42:10:42:11":0,"s:42:20:42:58":1,"f:50:16:50:29":1,"s:55:17:55:Infinity":2,"s:56:8:56:Infinity":3,"s:57:8:57:Infinity":4,"s:58:33:58:Infinity":5,"s:59:37:59:Infinity":6,"s:60:39:60:Infinity":7,"s:61:21:61:Infinity":8,"s:62:39:62:Infinity":9,"s:63:53:63:Infinity":10,"s:65:8:72:Infinity":11,"f:74:17:74:26":2,"s:75:4:75:Infinity":12,"s:76:4:132:Infinity":13,"s:78:6:81:Infinity":14,"s:82:6:82:Infinity":15,"s:83:6:83:Infinity":16,"s:84:6:84:Infinity":17,"s:85:6:85:Infinity":18,"s:88:21:88:Infinity":19,"s:89:27:89:Infinity":20,"b:90:6:114:Infinity:undefined:undefined:undefined:undefined":0,"s:90:6:114:Infinity":21,"s:91:8:113:Infinity":22,"s:92:25:93:Infinity":23,"b:97:10:104:Infinity:undefined:undefined:undefined:undefined":1,"s:97:10:104:Infinity":24,"s:98:12:99:Infinity":25,"s:102:12:102:Infinity":26,"s:103:12:103:Infinity":27,"s:106:10:106:Infinity":28,"s:107:10:107:Infinity":29,"s:108:10:108:Infinity":30,"s:110:10:111:Infinity":31,"b:111:12:111:42:111:42:111:Infinity":2,"s:117:8:118:Infinity":32,"b:117:8:117:Infinity:118:8:118:Infinity":3,"b:120:6:129:Infinity:127:13:129:Infinity":4,"s:120:6:129:Infinity":33,"s:121:8:126:Infinity":34,"s:128:8:128:Infinity":35,"s:131:6:131:Infinity":36,"f:135:17:135:Infinity":3,"b:136:4:139:Infinity:undefined:undefined:undefined:undefined":5,"s:136:4:139:Infinity":37,"b:136:8:136:25:136:25:136:31":6,"s:137:6:137:Infinity":38,"s:138:6:138:Infinity":39,"s:140:4:140:Infinity":40,"s:141:4:179:Infinity":41,"s:142:44:144:Infinity":42,"s:146:6:146:Infinity":43,"s:147:6:147:Infinity":44,"s:150:21:150:Infinity":45,"s:151:27:151:Infinity":46,"b:152:6:172:Infinity:undefined:undefined:undefined:undefined":7,"s:152:6:172:Infinity":47,"s:153:8:171:Infinity":48,"s:154:25:155:Infinity":49,"b:157:10:163:Infinity:undefined:undefined:undefined:undefined":8,"s:157:10:163:Infinity":50,"s:158:12:159:Infinity":51,"s:161:12:161:Infinity":52,"s:162:12:162:Infinity":53,"s:164:10:164:Infinity":54,"s:165:10:165:Infinity":55,"s:166:10:166:Infinity":56,"s:168:10:169:Infinity":57,"b:169:12:169:42:169:42:169:Infinity":9,"s:173:6:173:Infinity":58,"s:175:18:175:Infinity":59,"b:175:18:175:52:175:52:175:Infinity":10,"s:176:6:176:Infinity":60,"s:178:6:178:Infinity":61,"b:223:43:223:52:223:52:223:Infinity":11,"f:230:31:230:37":4,"s:230:37:230:Infinity":62,"b:259:50:259:59:259:59:259:Infinity":12,"f:266:31:266:Infinity":5,"s:267:24:267:Infinity":63,"f:298:23:298:29":6,"s:298:29:298:Infinity":64,"f:327:23:327:Infinity":7,"s:328:16:333:Infinity":65,"s:329:30:329:Infinity":66,"s:330:18:330:Infinity":67,"s:332:18:332:Infinity":68,"f:357:26:357:27":8,"s:357:33:357:Infinity":69,"f:375:23:375:31":9,"s:375:31:375:54":70,"s:375:54:375:66":71}}}
,"/Users/excollodev/Downloads/RHP-Document/smart-rhp-pilot/src/components/ui/button.tsx": {"path":"/Users/excollodev/Downloads/RHP-Document/smart-rhp-pilot/src/components/ui/button.tsx","statementMap":{"0":{"start":{"line":7,"column":6},"end":{"line":33,"column":null}},"1":{"start":{"line":42,"column":15},"end":{"line":52,"column":null}},"2":{"start":{"line":44,"column":17},"end":{"line":44,"column":null}},"3":{"start":{"line":54,"column":0},"end":{"line":54,"column":null}}},"fnMap":{"0":{"name":"(anonymous_0)","decl":{"start":{"line":43,"column":2},"end":{"line":43,"column":3}},"loc":{"start":{"line":43,"column":60},"end":{"line":52,"column":null}},"line":43}},"branchMap":{"0":{"loc":{"start":{"line":43,"column":31},"end":{"line":43,"column":46}},"type":"default-arg","locations":[{"start":{"line":43,"column":41},"end":{"line":43,"column":46}}],"line":43},"1":{"loc":{"start":{"line":44,"column":17},"end":{"line":44,"column":null}},"type":"cond-expr","locations":[{"start":{"line":44,"column":27},"end":{"line":44,"column":34}},{"start":{"line":44,"column":34},"end":{"line":44,"column":null}}],"line":44}},"s":{"0":2,"1":2,"2":117,"3":2},"f":{"0":117},"b":{"0":[117],"1":[0,117]},"meta":{"lastBranch":2,"lastFunction":1,"lastStatement":4,"seen":{"s:7:6:33:Infinity":0,"s:42:15:52:Infinity":1,"f:43:2:43:3":0,"b:43:41:43:46":0,"s:44:17:44:Infinity":2,"b:44:27:44:34:44:34:44:Infinity":1,"s:54:0:54:Infinity":3}}}
,"/Users/excollodev/Downloads/RHP-Document/smart-rhp-pilot/src/components/ui/form.tsx": {"path":"/Users/excollodev/Downloads/RHP-Document/smart-rhp-pilot/src/components/ui/form.tsx","statementMap":{"0":{"start":{"line":16,"column":13},"end":{"line":16,"column":null}},"1":{"start":{"line":25,"column":25},"end":{"line":26,"column":null}},"2":{"start":{"line":29,"column":18},"end":{"line":40,"column":null}},"3":{"start":{"line":42,"column":21},"end":{"line":63,"column":null}},"4":{"start":{"line":43,"column":23},"end":{"line":43,"column":null}},"5":{"start":{"line":44,"column":22},"end":{"line":44,"column":null}},"6":{"start":{"line":45,"column":36},"end":{"line":45,"column":null}},"7":{"start":{"line":47,"column":21},"end":{"line":47,"column":null}},"8":{"start":{"line":49,"column":2},"end":{"line":51,"column":null}},"9":{"start":{"line":50,"column":4},"end":{"line":50,"column":null}},"10":{"start":{"line":53,"column":17},"end":{"line":53,"column":null}},"11":{"start":{"line":55,"column":2},"end":{"line":62,"column":null}},"12":{"start":{"line":69,"column":24},"end":{"line":70,"column":null}},"13":{"start":{"line":73,"column":17},"end":{"line":84,"column":null}},"14":{"start":{"line":77,"column":13},"end":{"line":77,"column":null}},"15":{"start":{"line":85,"column":0},"end":{"line":85,"column":null}},"16":{"start":{"line":87,"column":18},"end":{"line":101,"column":null}},"17":{"start":{"line":91,"column":32},"end":{"line":91,"column":null}},"18":{"start":{"line":102,"column":0},"end":{"line":102,"column":null}},"19":{"start":{"line":104,"column":20},"end":{"line":123,"column":null}},"20":{"start":{"line":108,"column":66},"end":{"line":108,"column":null}},"21":{"start":{"line":124,"column":0},"end":{"line":124,"column":null}},"22":{"start":{"line":126,"column":24},"end":{"line":140,"column":null}},"23":{"start":{"line":130,"column":32},"end":{"line":130,"column":null}},"24":{"start":{"line":141,"column":0},"end":{"line":141,"column":null}},"25":{"start":{"line":143,"column":20},"end":{"line":164,"column":null}},"26":{"start":{"line":147,"column":35},"end":{"line":147,"column":null}},"27":{"start":{"line":148,"column":15},"end":{"line":148,"column":null}},"28":{"start":{"line":150,"column":2},"end":{"line":152,"column":null}},"29":{"start":{"line":151,"column":4},"end":{"line":151,"column":null}},"30":{"start":{"line":165,"column":0},"end":{"line":165,"column":null}}},"fnMap":{"0":{"name":"(anonymous_0)","decl":{"start":{"line":29,"column":18},"end":{"line":29,"column":null}},"loc":{"start":{"line":34,"column":39},"end":{"line":40,"column":null}},"line":34},"1":{"name":"(anonymous_1)","decl":{"start":{"line":42,"column":21},"end":{"line":42,"column":null}},"loc":{"start":{"line":42,"column":21},"end":{"line":63,"column":null}},"line":42},"2":{"name":"(anonymous_2)","decl":{"start":{"line":76,"column":2},"end":{"line":76,"column":3}},"loc":{"start":{"line":76,"column":28},"end":{"line":84,"column":null}},"line":76},"3":{"name":"(anonymous_3)","decl":{"start":{"line":90,"column":2},"end":{"line":90,"column":3}},"loc":{"start":{"line":90,"column":28},"end":{"line":101,"column":null}},"line":90},"4":{"name":"(anonymous_4)","decl":{"start":{"line":107,"column":2},"end":{"line":107,"column":3}},"loc":{"start":{"line":107,"column":17},"end":{"line":123,"column":null}},"line":107},"5":{"name":"(anonymous_5)","decl":{"start":{"line":129,"column":2},"end":{"line":129,"column":3}},"loc":{"start":{"line":129,"column":28},"end":{"line":140,"column":null}},"line":129},"6":{"name":"(anonymous_6)","decl":{"start":{"line":146,"column":2},"end":{"line":146,"column":3}},"loc":{"start":{"line":146,"column":38},"end":{"line":164,"column":null}},"line":146}},"branchMap":{"0":{"loc":{"start":{"line":49,"column":2},"end":{"line":51,"column":null}},"type":"if","locations":[{"start":{"line":49,"column":2},"end":{"line":51,"column":null}},{"start":{},"end":{}}],"line":49},"1":{"loc":{"start":{"line":96,"column":20},"end":{"line":96,"column":49}},"type":"binary-expr","locations":[{"start":{"line":96,"column":20},"end":{"line":96,"column":29}},{"start":{"line":96,"column":29},"end":{"line":96,"column":49}}],"line":96},"2":{"loc":{"start":{"line":115,"column":8},"end":{"line":117,"column":51}},"type":"cond-expr","locations":[{"start":{"line":116,"column":12},"end":{"line":116,"column":34}},{"start":{"line":117,"column":12},"end":{"line":117,"column":51}}],"line":115},"3":{"loc":{"start":{"line":148,"column":15},"end":{"line":148,"column":null}},"type":"cond-expr","locations":[{"start":{"line":148,"column":23},"end":{"line":148,"column":48}},{"start":{"line":148,"column":48},"end":{"line":148,"column":null}}],"line":148},"4":{"loc":{"start":{"line":150,"column":2},"end":{"line":152,"column":null}},"type":"if","locations":[{"start":{"line":150,"column":2},"end":{"line":152,"column":null}},{"start":{},"end":{}}],"line":150}},"s":{"0":2,"1":2,"2":2,"3":2,"4":1557,"5":1557,"6":1557,"7":1557,"8":1557,"9":0,"10":1557,"11":1557,"12":2,"13":2,"14":548,"15":2,"16":2,"17":548,"18":2,"19":2,"20":548,"21":2,"22":2,"23":0,"24":2,"25":2,"26":461,"27":461,"28":461,"29":456,"30":2},"f":{"0":274,"1":1557,"2":548,"3":548,"4":548,"5":0,"6":461},"b":{"0":[0,1557],"1":[548,7],"2":[541,7],"3":[5,456],"4":[456,5]},"meta":{"lastBranch":5,"lastFunction":7,"lastStatement":31,"seen":{"s:16:13:16:Infinity":0,"s:25:25:26:Infinity":1,"s:29:18:40:Infinity":2,"f:29:18:29:Infinity":0,"s:42:21:63:Infinity":3,"f:42:21:42:Infinity":1,"s:43:23:43:Infinity":4,"s:44:22:44:Infinity":5,"s:45:36:45:Infinity":6,"s:47:21:47:Infinity":7,"b:49:2:51:Infinity:undefined:undefined:undefined:undefined":0,"s:49:2:51:Infinity":8,"s:50:4:50:Infinity":9,"s:53:17:53:Infinity":10,"s:55:2:62:Infinity":11,"s:69:24:70:Infinity":12,"s:73:17:84:Infinity":13,"f:76:2:76:3":2,"s:77:13:77:Infinity":14,"s:85:0:85:Infinity":15,"s:87:18:101:Infinity":16,"f:90:2:90:3":3,"s:91:32:91:Infinity":17,"b:96:20:96:29:96:29:96:49":1,"s:102:0:102:Infinity":18,"s:104:20:123:Infinity":19,"f:107:2:107:3":4,"s:108:66:108:Infinity":20,"b:116:12:116:34:117:12:117:51":2,"s:124:0:124:Infinity":21,"s:126:24:140:Infinity":22,"f:129:2:129:3":5,"s:130:32:130:Infinity":23,"s:141:0:141:Infinity":24,"s:143:20:164:Infinity":25,"f:146:2:146:3":6,"s:147:35:147:Infinity":26,"s:148:15:148:Infinity":27,"b:148:23:148:48:148:48:148:Infinity":3,"b:150:2:152:Infinity:undefined:undefined:undefined:undefined":4,"s:150:2:152:Infinity":28,"s:151:4:151:Infinity":29,"s:165:0:165:Infinity":30}}}
,"/Users/excollodev/Downloads/RHP-Document/smart-rhp-pilot/src/components/ui/input.tsx": {"path":"/Users/excollodev/Downloads/RHP-Document/smart-rhp-pilot/src/components/ui/input.tsx","statementMap":{"0":{"start":{"line":5,"column":14},"end":{"line":18,"column":null}},"1":{"start":{"line":20,"column":0},"end":{"line":20,"column":null}}},"fnMap":{"0":{"name":"(anonymous_0)","decl":{"start":{"line":6,"column":2},"end":{"line":6,"column":3}},"loc":{"start":{"line":6,"column":34},"end":{"line":18,"column":null}},"line":6}},"branchMap":{},"s":{"0":2,"1":2},"f":{"0":552},"b":{},"meta":{"lastBranch":0,"lastFunction":1,"lastStatement":2,"seen":{"s:5:14:18:Infinity":0,"f:6:2:6:3":0,"s:20:0:20:Infinity":1}}}
,"/Users/excollodev/Downloads/RHP-Document/smart-rhp-pilot/src/components/ui/label.tsx": {"path":"/Users/excollodev/Downloads/RHP-Document/smart-rhp-pilot/src/components/ui/label.tsx","statementMap":{"0":{"start":{"line":7,"column":6},"end":{"line":8,"column":null}},"1":{"start":{"line":22,"column":0},"end":{"line":22,"column":null}}},"fnMap":{},"branchMap":{},"s":{"0":2,"1":2},"f":{},"b":{},"meta":{"lastBranch":0,"lastFunction":0,"lastStatement":2,"seen":{"s:7:6:8:Infinity":0,"s:22:0:22:Infinity":1}}}
,"/Users/excollodev/Downloads/RHP-Document/smart-rhp-pilot/src/contexts/AuthContext.tsx": {"path":"/Users/excollodev/Downloads/RHP-Document/smart-rhp-pilot/src/contexts/AuthContext.tsx","statementMap":{"0":{"start":{"line":35,"column":6},"end":{"line":35,"column":null}},"1":{"start":{"line":37,"column":23},"end":{"line":43,"column":null}},"2":{"start":{"line":38,"column":8},"end":{"line":38,"column":null}},"3":{"start":{"line":39,"column":2},"end":{"line":41,"column":null}},"4":{"start":{"line":40,"column":4},"end":{"line":40,"column":null}},"5":{"start":{"line":42,"column":2},"end":{"line":42,"column":null}},"6":{"start":{"line":46,"column":23},"end":{"line":58,"column":null}},"7":{"start":{"line":47,"column":2},"end":{"line":57,"column":null}},"8":{"start":{"line":48,"column":10},"end":{"line":48,"column":null}},"9":{"start":{"line":49,"column":4},"end":{"line":49,"column":null}},"10":{"start":{"line":49,"column":22},"end":{"line":49,"column":null}},"11":{"start":{"line":52,"column":24},"end":{"line":52,"column":null}},"12":{"start":{"line":53,"column":26},"end":{"line":53,"column":34}},"13":{"start":{"line":54,"column":4},"end":{"line":54,"column":null}},"14":{"start":{"line":56,"column":4},"end":{"line":56,"column":null}},"15":{"start":{"line":60,"column":69},"end":{"line":261,"column":null}},"16":{"start":{"line":63,"column":23},"end":{"line":63,"column":null}},"17":{"start":{"line":64,"column":29},"end":{"line":64,"column":null}},"18":{"start":{"line":65,"column":8},"end":{"line":65,"column":null}},"19":{"start":{"line":66,"column":8},"end":{"line":66,"column":null}},"20":{"start":{"line":68,"column":8},"end":{"line":99,"column":null}},"21":{"start":{"line":69,"column":10},"end":{"line":98,"column":null}},"22":{"start":{"line":70,"column":27},"end":{"line":70,"column":null}},"23":{"start":{"line":71,"column":6},"end":{"line":80,"column":null}},"24":{"start":{"line":72,"column":8},"end":{"line":79,"column":null}},"25":{"start":{"line":73,"column":10},"end":{"line":73,"column":null}},"26":{"start":{"line":75,"column":10},"end":{"line":77,"column":null}},"27":{"start":{"line":81,"column":6},"end":{"line":81,"column":null}},"28":{"start":{"line":82,"column":6},"end":{"line":82,"column":null}},"29":{"start":{"line":83,"column":6},"end":{"line":83,"column":null}},"30":{"start":{"line":84,"column":6},"end":{"line":84,"column":null}},"31":{"start":{"line":87,"column":6},"end":{"line":90,"column":null}},"32":{"start":{"line":88,"column":8},"end":{"line":88,"column":null}},"33":{"start":{"line":89,"column":8},"end":{"line":89,"column":null}},"34":{"start":{"line":92,"column":6},"end":{"line":92,"column":null}},"35":{"start":{"line":93,"column":6},"end":{"line":97,"column":null}},"36":{"start":{"line":94,"column":8},"end":{"line":94,"column":null}},"37":{"start":{"line":96,"column":8},"end":{"line":96,"column":null}},"38":{"start":{"line":103,"column":24},"end":{"line":131,"column":null}},"39":{"start":{"line":104,"column":24},"end":{"line":104,"column":null}},"40":{"start":{"line":105,"column":4},"end":{"line":110,"column":null}},"41":{"start":{"line":106,"column":6},"end":{"line":108,"column":null}},"42":{"start":{"line":107,"column":8},"end":{"line":107,"column":null}},"43":{"start":{"line":109,"column":6},"end":{"line":109,"column":null}},"44":{"start":{"line":112,"column":4},"end":{"line":130,"column":null}},"45":{"start":{"line":113,"column":27},"end":{"line":113,"column":null}},"46":{"start":{"line":114,"column":6},"end":{"line":129,"column":null}},"47":{"start":{"line":115,"column":8},"end":{"line":126,"column":null}},"48":{"start":{"line":117,"column":12},"end":{"line":117,"column":null}},"49":{"start":{"line":118,"column":10},"end":{"line":118,"column":null}},"50":{"start":{"line":119,"column":16},"end":{"line":119,"column":null}},"51":{"start":{"line":120,"column":10},"end":{"line":120,"column":null}},"52":{"start":{"line":121,"column":10},"end":{"line":123,"column":null}},"53":{"start":{"line":125,"column":10},"end":{"line":125,"column":null}},"54":{"start":{"line":128,"column":8},"end":{"line":128,"column":null}},"55":{"start":{"line":133,"column":2},"end":{"line":229,"column":null}},"56":{"start":{"line":134,"column":21},"end":{"line":181,"column":null}},"57":{"start":{"line":135,"column":26},"end":{"line":135,"column":null}},"58":{"start":{"line":137,"column":6},"end":{"line":179,"column":null}},"59":{"start":{"line":138,"column":8},"end":{"line":178,"column":null}},"60":{"start":{"line":140,"column":10},"end":{"line":172,"column":null}},"61":{"start":{"line":142,"column":33},"end":{"line":142,"column":null}},"62":{"start":{"line":143,"column":12},"end":{"line":164,"column":null}},"63":{"start":{"line":144,"column":14},"end":{"line":158,"column":null}},"64":{"start":{"line":146,"column":18},"end":{"line":146,"column":null}},"65":{"start":{"line":147,"column":16},"end":{"line":147,"column":null}},"66":{"start":{"line":148,"column":22},"end":{"line":148,"column":null}},"67":{"start":{"line":149,"column":16},"end":{"line":149,"column":null}},"68":{"start":{"line":150,"column":16},"end":{"line":152,"column":null}},"69":{"start":{"line":155,"column":16},"end":{"line":155,"column":null}},"70":{"start":{"line":156,"column":16},"end":{"line":156,"column":null}},"71":{"start":{"line":157,"column":16},"end":{"line":157,"column":null}},"72":{"start":{"line":161,"column":14},"end":{"line":161,"column":null}},"73":{"start":{"line":162,"column":14},"end":{"line":162,"column":null}},"74":{"start":{"line":163,"column":14},"end":{"line":163,"column":null}},"75":{"start":{"line":167,"column":18},"end":{"line":167,"column":null}},"76":{"start":{"line":168,"column":12},"end":{"line":168,"column":null}},"77":{"start":{"line":169,"column":12},"end":{"line":171,"column":null}},"78":{"start":{"line":175,"column":10},"end":{"line":175,"column":null}},"79":{"start":{"line":176,"column":10},"end":{"line":176,"column":null}},"80":{"start":{"line":177,"column":10},"end":{"line":177,"column":null}},"81":{"start":{"line":180,"column":6},"end":{"line":180,"column":null}},"82":{"start":{"line":182,"column":4},"end":{"line":182,"column":null}},"83":{"start":{"line":184,"column":32},"end":{"line":214,"column":null}},"84":{"start":{"line":185,"column":20},"end":{"line":185,"column":null}},"85":{"start":{"line":187,"column":32},"end":{"line":187,"column":44}},"86":{"start":{"line":188,"column":8},"end":{"line":212,"column":null}},"87":{"start":{"line":189,"column":10},"end":{"line":189,"column":null}},"88":{"start":{"line":190,"column":31},"end":{"line":190,"column":null}},"89":{"start":{"line":191,"column":10},"end":{"line":211,"column":null}},"90":{"start":{"line":192,"column":12},"end":{"line":207,"column":null}},"91":{"start":{"line":193,"column":38},"end":{"line":194,"column":null}},"92":{"start":{"line":196,"column":14},"end":{"line":196,"column":null}},"93":{"start":{"line":197,"column":14},"end":{"line":199,"column":null}},"94":{"start":{"line":200,"column":14},"end":{"line":202,"column":null}},"95":{"start":{"line":203,"column":14},"end":{"line":203,"column":null}},"96":{"start":{"line":205,"column":14},"end":{"line":205,"column":69}},"97":{"start":{"line":206,"column":14},"end":{"line":206,"column":null}},"98":{"start":{"line":210,"column":12},"end":{"line":210,"column":null}},"99":{"start":{"line":213,"column":8},"end":{"line":213,"column":null}},"100":{"start":{"line":218,"column":4},"end":{"line":220,"column":null}},"101":{"start":{"line":219,"column":6},"end":{"line":219,"column":null}},"102":{"start":{"line":223,"column":4},"end":{"line":228,"column":null}},"103":{"start":{"line":224,"column":6},"end":{"line":224,"column":null}},"104":{"start":{"line":225,"column":6},"end":{"line":227,"column":null}},"105":{"start":{"line":226,"column":8},"end":{"line":226,"column":null}},"106":{"start":{"line":231,"column":16},"end":{"line":252,"column":null}},"107":{"start":{"line":232,"column":4},"end":{"line":251,"column":null}},"108":{"start":{"line":233,"column":12},"end":{"line":233,"column":null}},"109":{"start":{"line":234,"column":6},"end":{"line":234,"column":null}},"110":{"start":{"line":235,"column":6},"end":{"line":235,"column":null}},"111":{"start":{"line":236,"column":6},"end":{"line":236,"column":null}},"112":{"start":{"line":237,"column":6},"end":{"line":237,"column":null}},"113":{"start":{"line":240,"column":6},"end":{"line":242,"column":null}},"114":{"start":{"line":241,"column":8},"end":{"line":241,"column":null}},"115":{"start":{"line":248,"column":6},"end":{"line":248,"column":null}},"116":{"start":{"line":250,"column":6},"end":{"line":250,"column":null}}},"fnMap":{"0":{"name":"(anonymous_0)","decl":{"start":{"line":37,"column":23},"end":{"line":37,"column":null}},"loc":{"start":{"line":37,"column":23},"end":{"line":43,"column":null}},"line":37},"1":{"name":"(anonymous_1)","decl":{"start":{"line":46,"column":23},"end":{"line":46,"column":24}},"loc":{"start":{"line":46,"column":24},"end":{"line":58,"column":null}},"line":46},"2":{"name":"(anonymous_2)","decl":{"start":{"line":60,"column":69},"end":{"line":60,"column":70}},"loc":{"start":{"line":62,"column":1},"end":{"line":261,"column":null}},"line":62},"3":{"name":"(anonymous_3)","decl":{"start":{"line":69,"column":4},"end":{"line":69,"column":10}},"loc":{"start":{"line":69,"column":10},"end":{"line":98,"column":null}},"line":69},"4":{"name":"(anonymous_4)","decl":{"start":{"line":69,"column":10},"end":{"line":69,"column":17}},"loc":{"start":{"line":69,"column":17},"end":{"line":98,"column":null}},"line":69},"5":{"name":"(anonymous_5)","decl":{"start":{"line":103,"column":24},"end":{"line":103,"column":null}},"loc":{"start":{"line":103,"column":24},"end":{"line":131,"column":null}},"line":103},"6":{"name":"(anonymous_6)","decl":{"start":{"line":133,"column":12},"end":{"line":133,"column":null}},"loc":{"start":{"line":133,"column":12},"end":{"line":229,"column":5}},"line":133},"7":{"name":"(anonymous_7)","decl":{"start":{"line":134,"column":21},"end":{"line":134,"column":null}},"loc":{"start":{"line":134,"column":21},"end":{"line":181,"column":null}},"line":134},"8":{"name":"(anonymous_8)","decl":{"start":{"line":185,"column":6},"end":{"line":185,"column":7}},"loc":{"start":{"line":185,"column":20},"end":{"line":185,"column":null}},"line":185},"9":{"name":"(anonymous_9)","decl":{"start":{"line":186,"column":6},"end":{"line":186,"column":13}},"loc":{"start":{"line":186,"column":13},"end":{"line":214,"column":null}},"line":186},"10":{"name":"(anonymous_10)","decl":{"start":{"line":223,"column":11},"end":{"line":223,"column":null}},"loc":{"start":{"line":223,"column":11},"end":{"line":228,"column":null}},"line":223},"11":{"name":"(anonymous_11)","decl":{"start":{"line":231,"column":16},"end":{"line":231,"column":17}},"loc":{"start":{"line":231,"column":38},"end":{"line":252,"column":null}},"line":231}},"branchMap":{"0":{"loc":{"start":{"line":39,"column":2},"end":{"line":41,"column":null}},"type":"if","locations":[{"start":{"line":39,"column":2},"end":{"line":41,"column":null}},{"start":{},"end":{}}],"line":39},"1":{"loc":{"start":{"line":49,"column":4},"end":{"line":49,"column":null}},"type":"if","locations":[{"start":{"line":49,"column":4},"end":{"line":49,"column":null}},{"start":{},"end":{}}],"line":49},"2":{"loc":{"start":{"line":71,"column":6},"end":{"line":80,"column":null}},"type":"if","locations":[{"start":{"line":71,"column":6},"end":{"line":80,"column":null}},{"start":{},"end":{}}],"line":71},"3":{"loc":{"start":{"line":87,"column":6},"end":{"line":90,"column":null}},"type":"if","locations":[{"start":{"line":87,"column":6},"end":{"line":90,"column":null}},{"start":{},"end":{}}],"line":87},"4":{"loc":{"start":{"line":93,"column":6},"end":{"line":97,"column":null}},"type":"if","locations":[{"start":{"line":93,"column":6},"end":{"line":97,"column":null}},{"start":{"line":95,"column":13},"end":{"line":97,"column":null}}],"line":93},"5":{"loc":{"start":{"line":105,"column":4},"end":{"line":110,"column":null}},"type":"if","locations":[{"start":{"line":105,"column":4},"end":{"line":110,"column":null}},{"start":{},"end":{}}],"line":105},"6":{"loc":{"start":{"line":106,"column":6},"end":{"line":108,"column":null}},"type":"if","locations":[{"start":{"line":106,"column":6},"end":{"line":108,"column":null}},{"start":{},"end":{}}],"line":106},"7":{"loc":{"start":{"line":112,"column":4},"end":{"line":130,"column":null}},"type":"if","locations":[{"start":{"line":112,"column":4},"end":{"line":130,"column":null}},{"start":{},"end":{}}],"line":112},"8":{"loc":{"start":{"line":114,"column":6},"end":{"line":129,"column":null}},"type":"if","locations":[{"start":{"line":114,"column":6},"end":{"line":129,"column":null}},{"start":{"line":127,"column":13},"end":{"line":129,"column":null}}],"line":114},"9":{"loc":{"start":{"line":137,"column":6},"end":{"line":179,"column":null}},"type":"if","locations":[{"start":{"line":137,"column":6},"end":{"line":179,"column":null}},{"start":{},"end":{}}],"line":137},"10":{"loc":{"start":{"line":140,"column":10},"end":{"line":172,"column":null}},"type":"if","locations":[{"start":{"line":140,"column":10},"end":{"line":172,"column":null}},{"start":{"line":165,"column":17},"end":{"line":172,"column":null}}],"line":140},"11":{"loc":{"start":{"line":143,"column":12},"end":{"line":164,"column":null}},"type":"if","locations":[{"start":{"line":143,"column":12},"end":{"line":164,"column":null}},{"start":{"line":159,"column":19},"end":{"line":164,"column":null}}],"line":143},"12":{"loc":{"start":{"line":188,"column":8},"end":{"line":212,"column":null}},"type":"if","locations":[{"start":{"line":188,"column":8},"end":{"line":212,"column":null}},{"start":{},"end":{}}],"line":188},"13":{"loc":{"start":{"line":188,"column":12},"end":{"line":188,"column":69}},"type":"binary-expr","locations":[{"start":{"line":188,"column":12},"end":{"line":188,"column":46}},{"start":{"line":188,"column":46},"end":{"line":188,"column":69}}],"line":188},"14":{"loc":{"start":{"line":191,"column":10},"end":{"line":211,"column":null}},"type":"if","locations":[{"start":{"line":191,"column":10},"end":{"line":211,"column":null}},{"start":{"line":208,"column":17},"end":{"line":211,"column":null}}],"line":191},"15":{"loc":{"start":{"line":218,"column":4},"end":{"line":220,"column":null}},"type":"if","locations":[{"start":{"line":218,"column":4},"end":{"line":220,"column":null}},{"start":{},"end":{}}],"line":218},"16":{"loc":{"start":{"line":225,"column":6},"end":{"line":227,"column":null}},"type":"if","locations":[{"start":{"line":225,"column":6},"end":{"line":227,"column":null}},{"start":{},"end":{}}],"line":225},"17":{"loc":{"start":{"line":240,"column":6},"end":{"line":242,"column":null}},"type":"if","locations":[{"start":{"line":240,"column":6},"end":{"line":242,"column":null}},{"start":{},"end":{}}],"line":240}},"s":{"0":2,"1":2,"2":113,"3":113,"4":0,"5":113,"6":2,"7":0,"8":0,"9":0,"10":0,"11":0,"12":0,"13":0,"14":0,"15":2,"16":45,"17":45,"18":45,"19":45,"20":45,"21":45,"22":0,"23":0,"24":0,"25":0,"26":0,"27":0,"28":0,"29":0,"30":0,"31":0,"32":0,"33":0,"34":0,"35":0,"36":0,"37":0,"38":45,"39":0,"40":0,"41":0,"42":0,"43":0,"44":0,"45":0,"46":0,"47":0,"48":0,"49":0,"50":0,"51":0,"52":0,"53":0,"54":0,"55":45,"56":30,"57":30,"58":30,"59":0,"60":0,"61":0,"62":0,"63":0,"64":0,"65":0,"66":0,"67":0,"68":0,"69":0,"70":0,"71":0,"72":0,"73":0,"74":0,"75":0,"76":0,"77":0,"78":0,"79":0,"80":0,"81":30,"82":30,"83":30,"84":0,"85":0,"86":0,"87":0,"88":0,"89":0,"90":0,"91":0,"92":0,"93":0,"94":0,"95":0,"96":0,"97":0,"98":0,"99":0,"100":30,"101":0,"102":30,"103":30,"104":30,"105":0,"106":45,"107":2,"108":2,"109":2,"110":2,"111":2,"112":2,"113":2,"114":0,"115":0,"116":2},"f":{"0":113,"1":0,"2":45,"3":45,"4":0,"5":0,"6":30,"7":30,"8":0,"9":0,"10":30,"11":2},"b":{"0":[0,113],"1":[0,0],"2":[0,0],"3":[0,0],"4":[0,0],"5":[0,0],"6":[0,0],"7":[0,0],"8":[0,0],"9":[0,30],"10":[0,0],"11":[0,0],"12":[0,0],"13":[0,0],"14":[0,0],"15":[0,30],"16":[0,30],"17":[0,2]},"meta":{"lastBranch":18,"lastFunction":12,"lastStatement":117,"seen":{"s:35:6:35:Infinity":0,"s:37:23:43:Infinity":1,"f:37:23:37:Infinity":0,"s:38:8:38:Infinity":2,"b:39:2:41:Infinity:undefined:undefined:undefined:undefined":0,"s:39:2:41:Infinity":3,"s:40:4:40:Infinity":4,"s:42:2:42:Infinity":5,"s:46:23:58:Infinity":6,"f:46:23:46:24":1,"s:47:2:57:Infinity":7,"s:48:10:48:Infinity":8,"b:49:4:49:Infinity:undefined:undefined:undefined:undefined":1,"s:49:4:49:Infinity":9,"s:49:22:49:Infinity":10,"s:52:24:52:Infinity":11,"s:53:26:53:34":12,"s:54:4:54:Infinity":13,"s:56:4:56:Infinity":14,"s:60:69:261:Infinity":15,"f:60:69:60:70":2,"s:63:23:63:Infinity":16,"s:64:29:64:Infinity":17,"s:65:8:65:Infinity":18,"s:66:8:66:Infinity":19,"s:68:8:99:Infinity":20,"f:69:4:69:10":3,"s:69:10:98:Infinity":21,"f:69:10:69:17":4,"s:70:27:70:Infinity":22,"b:71:6:80:Infinity:undefined:undefined:undefined:undefined":2,"s:71:6:80:Infinity":23,"s:72:8:79:Infinity":24,"s:73:10:73:Infinity":25,"s:75:10:77:Infinity":26,"s:81:6:81:Infinity":27,"s:82:6:82:Infinity":28,"s:83:6:83:Infinity":29,"s:84:6:84:Infinity":30,"b:87:6:90:Infinity:undefined:undefined:undefined:undefined":3,"s:87:6:90:Infinity":31,"s:88:8:88:Infinity":32,"s:89:8:89:Infinity":33,"s:92:6:92:Infinity":34,"b:93:6:97:Infinity:95:13:97:Infinity":4,"s:93:6:97:Infinity":35,"s:94:8:94:Infinity":36,"s:96:8:96:Infinity":37,"s:103:24:131:Infinity":38,"f:103:24:103:Infinity":5,"s:104:24:104:Infinity":39,"b:105:4:110:Infinity:undefined:undefined:undefined:undefined":5,"s:105:4:110:Infinity":40,"b:106:6:108:Infinity:undefined:undefined:undefined:undefined":6,"s:106:6:108:Infinity":41,"s:107:8:107:Infinity":42,"s:109:6:109:Infinity":43,"b:112:4:130:Infinity:undefined:undefined:undefined:undefined":7,"s:112:4:130:Infinity":44,"s:113:27:113:Infinity":45,"b:114:6:129:Infinity:127:13:129:Infinity":8,"s:114:6:129:Infinity":46,"s:115:8:126:Infinity":47,"s:117:12:117:Infinity":48,"s:118:10:118:Infinity":49,"s:119:16:119:Infinity":50,"s:120:10:120:Infinity":51,"s:121:10:123:Infinity":52,"s:125:10:125:Infinity":53,"s:128:8:128:Infinity":54,"s:133:2:229:Infinity":55,"f:133:12:133:Infinity":6,"s:134:21:181:Infinity":56,"f:134:21:134:Infinity":7,"s:135:26:135:Infinity":57,"b:137:6:179:Infinity:undefined:undefined:undefined:undefined":9,"s:137:6:179:Infinity":58,"s:138:8:178:Infinity":59,"b:140:10:172:Infinity:165:17:172:Infinity":10,"s:140:10:172:Infinity":60,"s:142:33:142:Infinity":61,"b:143:12:164:Infinity:159:19:164:Infinity":11,"s:143:12:164:Infinity":62,"s:144:14:158:Infinity":63,"s:146:18:146:Infinity":64,"s:147:16:147:Infinity":65,"s:148:22:148:Infinity":66,"s:149:16:149:Infinity":67,"s:150:16:152:Infinity":68,"s:155:16:155:Infinity":69,"s:156:16:156:Infinity":70,"s:157:16:157:Infinity":71,"s:161:14:161:Infinity":72,"s:162:14:162:Infinity":73,"s:163:14:163:Infinity":74,"s:167:18:167:Infinity":75,"s:168:12:168:Infinity":76,"s:169:12:171:Infinity":77,"s:175:10:175:Infinity":78,"s:176:10:176:Infinity":79,"s:177:10:177:Infinity":80,"s:180:6:180:Infinity":81,"s:182:4:182:Infinity":82,"s:184:32:214:Infinity":83,"f:185:6:185:7":8,"s:185:20:185:Infinity":84,"f:186:6:186:13":9,"s:187:32:187:44":85,"b:188:8:212:Infinity:undefined:undefined:undefined:undefined":12,"s:188:8:212:Infinity":86,"b:188:12:188:46:188:46:188:69":13,"s:189:10:189:Infinity":87,"s:190:31:190:Infinity":88,"b:191:10:211:Infinity:208:17:211:Infinity":14,"s:191:10:211:Infinity":89,"s:192:12:207:Infinity":90,"s:193:38:194:Infinity":91,"s:196:14:196:Infinity":92,"s:197:14:199:Infinity":93,"s:200:14:202:Infinity":94,"s:203:14:203:Infinity":95,"s:205:14:205:69":96,"s:206:14:206:Infinity":97,"s:210:12:210:Infinity":98,"s:213:8:213:Infinity":99,"b:218:4:220:Infinity:undefined:undefined:undefined:undefined":15,"s:218:4:220:Infinity":100,"s:219:6:219:Infinity":101,"s:223:4:228:Infinity":102,"f:223:11:223:Infinity":10,"s:224:6:224:Infinity":103,"b:225:6:227:Infinity:undefined:undefined:undefined:undefined":16,"s:225:6:227:Infinity":104,"s:226:8:226:Infinity":105,"s:231:16:252:Infinity":106,"f:231:16:231:17":11,"s:232:4:251:Infinity":107,"s:233:12:233:Infinity":108,"s:234:6:234:Infinity":109,"s:235:6:235:Infinity":110,"s:236:6:236:Infinity":111,"s:237:6:237:Infinity":112,"b:240:6:242:Infinity:undefined:undefined:undefined:undefined":17,"s:240:6:242:Infinity":113,"s:241:8:241:Infinity":114,"s:248:6:248:Infinity":115,"s:250:6:250:Infinity":116}}}
,"/Users/excollodev/Downloads/RHP-Document/smart-rhp-pilot/src/lib/utils.ts": {"path":"/Users/excollodev/Downloads/RHP-Document/smart-rhp-pilot/src/lib/utils.ts","statementMap":{"0":{"start":{"line":5,"column":2},"end":{"line":5,"column":null}}},"fnMap":{"0":{"name":"cn","decl":{"start":{"line":4,"column":16},"end":{"line":4,"column":19}},"loc":{"start":{"line":4,"column":42},"end":{"line":6,"column":null}},"line":4}},"branchMap":{},"s":{"0":2318},"f":{"0":2318},"b":{},"meta":{"lastBranch":0,"lastFunction":1,"lastStatement":1,"seen":{"f:4:16:4:19":0,"s:5:2:5:Infinity":0}}}
,"/Users/excollodev/Downloads/RHP-Document/smart-rhp-pilot/src/lib/api/uploadService.ts": {"path":"/Users/excollodev/Downloads/RHP-Document/smart-rhp-pilot/src/lib/api/uploadService.ts","statementMap":{"0":{"start":{"line":5,"column":24},"end":{"line":5,"column":60}},"1":{"start":{"line":31,"column":29},"end":{"line":239,"column":null}},"2":{"start":{"line":33,"column":12},"end":{"line":33,"column":null}},"3":{"start":{"line":35,"column":4},"end":{"line":35,"column":null}},"4":{"start":{"line":36,"column":4},"end":{"line":36,"column":null}},"5":{"start":{"line":37,"column":4},"end":{"line":37,"column":null}},"6":{"start":{"line":130,"column":4},"end":{"line":150,"column":null}},"7":{"start":{"line":132,"column":18},"end":{"line":132,"column":null}},"8":{"start":{"line":133,"column":6},"end":{"line":143,"column":null}},"9":{"start":{"line":145,"column":6},"end":{"line":145,"column":null}},"10":{"start":{"line":146,"column":6},"end":{"line":149,"column":null}},"11":{"start":{"line":156,"column":4},"end":{"line":169,"column":null}},"12":{"start":{"line":158,"column":24},"end":{"line":158,"column":null}},"13":{"start":{"line":159,"column":23},"end":{"line":160,"column":null}},"14":{"start":{"line":162,"column":6},"end":{"line":162,"column":null}},"15":{"start":{"line":164,"column":6},"end":{"line":164,"column":null}},"16":{"start":{"line":165,"column":6},"end":{"line":168,"column":null}},"17":{"start":{"line":174,"column":22},"end":{"line":174,"column":31}},"18":{"start":{"line":176,"column":26},"end":{"line":176,"column":null}},"19":{"start":{"line":178,"column":4},"end":{"line":185,"column":null}},"20":{"start":{"line":179,"column":6},"end":{"line":184,"column":null}},"21":{"start":{"line":186,"column":18},"end":{"line":186,"column":null}},"22":{"start":{"line":187,"column":21},"end":{"line":187,"column":null}},"23":{"start":{"line":188,"column":4},"end":{"line":188,"column":null}},"24":{"start":{"line":189,"column":4},"end":{"line":189,"column":null}},"25":{"start":{"line":191,"column":21},"end":{"line":199,"column":null}},"26":{"start":{"line":201,"column":4},"end":{"line":213,"column":null}},"27":{"start":{"line":203,"column":6},"end":{"line":211,"column":null}},"28":{"start":{"line":204,"column":21},"end":{"line":204,"column":null}},"29":{"start":{"line":205,"column":8},"end":{"line":210,"column":null}},"30":{"start":{"line":212,"column":6},"end":{"line":212,"column":null}},"31":{"start":{"line":214,"column":4},"end":{"line":214,"column":null}},"32":{"start":{"line":218,"column":18},"end":{"line":218,"column":null}},"33":{"start":{"line":219,"column":21},"end":{"line":219,"column":null}},"34":{"start":{"line":220,"column":4},"end":{"line":220,"column":null}},"35":{"start":{"line":221,"column":4},"end":{"line":221,"column":39}},"36":{"start":{"line":223,"column":21},"end":{"line":231,"column":null}},"37":{"start":{"line":233,"column":4},"end":{"line":236,"column":null}},"38":{"start":{"line":234,"column":24},"end":{"line":234,"column":null}},"39":{"start":{"line":235,"column":6},"end":{"line":235,"column":null}},"40":{"start":{"line":237,"column":4},"end":{"line":237,"column":null}}},"fnMap":{"0":{"name":"(anonymous_0)","decl":{"start":{"line":32,"column":2},"end":{"line":32,"column":21}},"loc":{"start":{"line":32,"column":37},"end":{"line":38,"column":null}},"line":32},"1":{"name":"(anonymous_1)","decl":{"start":{"line":126,"column":8},"end":{"line":126,"column":null}},"loc":{"start":{"line":128,"column":17},"end":{"line":151,"column":null}},"line":128},"2":{"name":"(anonymous_2)","decl":{"start":{"line":153,"column":8},"end":{"line":153,"column":null}},"loc":{"start":{"line":154,"column":14},"end":{"line":170,"column":null}},"line":154},"3":{"name":"(anonymous_3)","decl":{"start":{"line":172,"column":8},"end":{"line":172,"column":28}},"loc":{"start":{"line":172,"column":38},"end":{"line":215,"column":null}},"line":172},"4":{"name":"(anonymous_4)","decl":{"start":{"line":217,"column":8},"end":{"line":217,"column":27}},"loc":{"start":{"line":217,"column":53},"end":{"line":238,"column":null}},"line":217}},"branchMap":{"0":{"loc":{"start":{"line":134,"column":16},"end":{"line":134,"column":null}},"type":"binary-expr","locations":[{"start":{"line":134,"column":16},"end":{"line":134,"column":26}},{"start":{"line":134,"column":30},"end":{"line":134,"column":null}}],"line":134},"1":{"loc":{"start":{"line":138,"column":10},"end":{"line":142,"column":null}},"type":"cond-expr","locations":[{"start":{"line":139,"column":14},"end":{"line":139,"column":null}},{"start":{"line":140,"column":14},"end":{"line":142,"column":null}}],"line":138},"2":{"loc":{"start":{"line":140,"column":14},"end":{"line":142,"column":null}},"type":"cond-expr","locations":[{"start":{"line":141,"column":14},"end":{"line":141,"column":null}},{"start":{"line":142,"column":14},"end":{"line":142,"column":null}}],"line":140},"3":{"loc":{"start":{"line":148,"column":15},"end":{"line":148,"column":null}},"type":"cond-expr","locations":[{"start":{"line":148,"column":40},"end":{"line":148,"column":53}},{"start":{"line":148,"column":56},"end":{"line":148,"column":null}}],"line":148},"4":{"loc":{"start":{"line":178,"column":4},"end":{"line":185,"column":null}},"type":"if","locations":[{"start":{"line":178,"column":4},"end":{"line":185,"column":null}},{"start":{},"end":{}}],"line":178},"5":{"loc":{"start":{"line":201,"column":4},"end":{"line":213,"column":null}},"type":"if","locations":[{"start":{"line":201,"column":4},"end":{"line":213,"column":null}},{"start":{},"end":{}}],"line":201},"6":{"loc":{"start":{"line":203,"column":6},"end":{"line":211,"column":null}},"type":"if","locations":[{"start":{"line":203,"column":6},"end":{"line":211,"column":null}},{"start":{},"end":{}}],"line":203},"7":{"loc":{"start":{"line":208,"column":19},"end":{"line":208,"column":null}},"type":"binary-expr","locations":[{"start":{"line":208,"column":19},"end":{"line":208,"column":29}},{"start":{"line":208,"column":33},"end":{"line":208,"column":null}}],"line":208},"8":{"loc":{"start":{"line":233,"column":4},"end":{"line":236,"column":null}},"type":"if","locations":[{"start":{"line":233,"column":4},"end":{"line":236,"column":null}},{"start":{},"end":{}}],"line":233},"9":{"loc":{"start":{"line":235,"column":22},"end":{"line":235,"column":null}},"type":"binary-expr","locations":[{"start":{"line":235,"column":22},"end":{"line":235,"column":37}},{"start":{"line":235,"column":41},"end":{"line":235,"column":null}}],"line":235}},"s":{"0":1,"1":1,"2":3,"3":3,"4":3,"5":3,"6":0,"7":0,"8":0,"9":0,"10":0,"11":5,"12":5,"13":5,"14":5,"15":0,"16":0,"17":3,"18":3,"19":3,"20":1,"21":2,"22":2,"23":2,"24":2,"25":2,"26":2,"27":1,"28":1,"29":1,"30":0,"31":1,"32":2,"33":2,"34":2,"35":2,"36":2,"37":2,"38":1,"39":1,"40":1},"f":{"0":3,"1":0,"2":5,"3":3,"4":2},"b":{"0":[0,0],"1":[0,0],"2":[0,0],"3":[0,0],"4":[1,2],"5":[1,1],"6":[1,0],"7":[1,0],"8":[1,1],"9":[1,0]},"meta":{"lastBranch":10,"lastFunction":5,"lastStatement":41,"seen":{"s:5:24:5:60":0,"s:31:29:239:Infinity":1,"f:32:2:32:21":0,"s:33:12:33:Infinity":2,"s:35:4:35:Infinity":3,"s:36:4:36:Infinity":4,"s:37:4:37:Infinity":5,"f:126:8:126:Infinity":1,"s:130:4:150:Infinity":6,"s:132:18:132:Infinity":7,"s:133:6:143:Infinity":8,"b:134:16:134:26:134:30:134:Infinity":0,"b:139:14:139:Infinity:140:14:142:Infinity":1,"b:141:14:141:Infinity:142:14:142:Infinity":2,"s:145:6:145:Infinity":9,"s:146:6:149:Infinity":10,"b:148:40:148:53:148:56:148:Infinity":3,"f:153:8:153:Infinity":2,"s:156:4:169:Infinity":11,"s:158:24:158:Infinity":12,"s:159:23:160:Infinity":13,"s:162:6:162:Infinity":14,"s:164:6:164:Infinity":15,"s:165:6:168:Infinity":16,"f:172:8:172:28":3,"s:174:22:174:31":17,"s:176:26:176:Infinity":18,"b:178:4:185:Infinity:undefined:undefined:undefined:undefined":4,"s:178:4:185:Infinity":19,"s:179:6:184:Infinity":20,"s:186:18:186:Infinity":21,"s:187:21:187:Infinity":22,"s:188:4:188:Infinity":23,"s:189:4:189:Infinity":24,"s:191:21:199:Infinity":25,"b:201:4:213:Infinity:undefined:undefined:undefined:undefined":5,"s:201:4:213:Infinity":26,"b:203:6:211:Infinity:undefined:undefined:undefined:undefined":6,"s:203:6:211:Infinity":27,"s:204:21:204:Infinity":28,"s:205:8:210:Infinity":29,"b:208:19:208:29:208:33:208:Infinity":7,"s:212:6:212:Infinity":30,"s:214:4:214:Infinity":31,"f:217:8:217:27":4,"s:218:18:218:Infinity":32,"s:219:21:219:Infinity":33,"s:220:4:220:Infinity":34,"s:221:4:221:39":35,"s:223:21:231:Infinity":36,"b:233:4:236:Infinity:undefined:undefined:undefined:undefined":8,"s:233:4:236:Infinity":37,"s:234:24:234:Infinity":38,"s:235:6:235:Infinity":39,"b:235:22:235:37:235:41:235:Infinity":9,"s:237:4:237:Infinity":40}}}
,"/Users/excollodev/Downloads/RHP-Document/smart-rhp-pilot/src/services/authService.ts": {"path":"/Users/excollodev/Downloads/RHP-Document/smart-rhp-pilot/src/services/authService.ts","statementMap":{"0":{"start":{"line":3,"column":16},"end":{"line":3,"column":44}},"1":{"start":{"line":25,"column":27},"end":{"line":137,"column":null}},"2":{"start":{"line":29,"column":21},"end":{"line":29,"column":null}},"3":{"start":{"line":30,"column":4},"end":{"line":30,"column":null}},"4":{"start":{"line":36,"column":21},"end":{"line":40,"column":null}},"5":{"start":{"line":41,"column":4},"end":{"line":41,"column":null}},"6":{"start":{"line":47,"column":21},"end":{"line":51,"column":null}},"7":{"start":{"line":52,"column":4},"end":{"line":52,"column":null}},"8":{"start":{"line":58,"column":18},"end":{"line":58,"column":null}},"9":{"start":{"line":59,"column":4},"end":{"line":66,"column":null}},"10":{"start":{"line":73,"column":21},"end":{"line":76,"column":null}},"11":{"start":{"line":77,"column":4},"end":{"line":77,"column":null}},"12":{"start":{"line":82,"column":21},"end":{"line":85,"column":null}},"13":{"start":{"line":86,"column":4},"end":{"line":86,"column":null}},"14":{"start":{"line":91,"column":21},"end":{"line":94,"column":null}},"15":{"start":{"line":95,"column":4},"end":{"line":95,"column":null}},"16":{"start":{"line":100,"column":21},"end":{"line":102,"column":null}},"17":{"start":{"line":103,"column":4},"end":{"line":103,"column":null}},"18":{"start":{"line":109,"column":4},"end":{"line":109,"column":null}},"19":{"start":{"line":110,"column":4},"end":{"line":110,"column":null}},"20":{"start":{"line":111,"column":4},"end":{"line":120,"column":null}},"21":{"start":{"line":112,"column":23},"end":{"line":114,"column":null}},"22":{"start":{"line":115,"column":6},"end":{"line":115,"column":null}},"23":{"start":{"line":116,"column":6},"end":{"line":116,"column":null}},"24":{"start":{"line":118,"column":6},"end":{"line":118,"column":null}},"25":{"start":{"line":119,"column":6},"end":{"line":119,"column":null}},"26":{"start":{"line":130,"column":21},"end":{"line":134,"column":null}},"27":{"start":{"line":135,"column":4},"end":{"line":135,"column":null}}},"fnMap":{"0":{"name":"(anonymous_0)","decl":{"start":{"line":28,"column":8},"end":{"line":28,"column":null}},"loc":{"start":{"line":28,"column":8},"end":{"line":31,"column":null}},"line":28},"1":{"name":"(anonymous_1)","decl":{"start":{"line":35,"column":8},"end":{"line":35,"column":23}},"loc":{"start":{"line":35,"column":36},"end":{"line":42,"column":null}},"line":35},"2":{"name":"(anonymous_2)","decl":{"start":{"line":46,"column":8},"end":{"line":46,"column":23}},"loc":{"start":{"line":46,"column":36},"end":{"line":53,"column":null}},"line":46},"3":{"name":"(anonymous_3)","decl":{"start":{"line":57,"column":8},"end":{"line":57,"column":15}},"loc":{"start":{"line":57,"column":35},"end":{"line":68,"column":null}},"line":57},"4":{"name":"(anonymous_4)","decl":{"start":{"line":72,"column":8},"end":{"line":72,"column":14}},"loc":{"start":{"line":72,"column":29},"end":{"line":78,"column":null}},"line":72},"5":{"name":"(anonymous_5)","decl":{"start":{"line":81,"column":8},"end":{"line":81,"column":17}},"loc":{"start":{"line":81,"column":73},"end":{"line":87,"column":null}},"line":81},"6":{"name":"(anonymous_6)","decl":{"start":{"line":90,"column":8},"end":{"line":90,"column":30}},"loc":{"start":{"line":90,"column":56},"end":{"line":96,"column":null}},"line":90},"7":{"name":"(anonymous_7)","decl":{"start":{"line":99,"column":8},"end":{"line":99,"column":21}},"loc":{"start":{"line":99,"column":26},"end":{"line":104,"column":null}},"line":99},"8":{"name":"(anonymous_8)","decl":{"start":{"line":108,"column":8},"end":{"line":108,"column":23}},"loc":{"start":{"line":108,"column":36},"end":{"line":121,"column":null}},"line":108},"9":{"name":"(anonymous_9)","decl":{"start":{"line":125,"column":8},"end":{"line":125,"column":null}},"loc":{"start":{"line":128,"column":14},"end":{"line":136,"column":null}},"line":128}},"branchMap":{},"s":{"0":1,"1":1,"2":0,"3":0,"4":0,"5":0,"6":0,"7":0,"8":0,"9":0,"10":2,"11":1,"12":2,"13":1,"14":1,"15":1,"16":0,"17":0,"18":1,"19":1,"20":1,"21":1,"22":1,"23":1,"24":0,"25":0,"26":1,"27":1},"f":{"0":0,"1":0,"2":0,"3":0,"4":2,"5":2,"6":1,"7":0,"8":1,"9":1},"b":{},"meta":{"lastBranch":0,"lastFunction":10,"lastStatement":28,"seen":{"s:3:16:3:44":0,"s:25:27:137:Infinity":1,"f:28:8:28:Infinity":0,"s:29:21:29:Infinity":2,"s:30:4:30:Infinity":3,"f:35:8:35:23":1,"s:36:21:40:Infinity":4,"s:41:4:41:Infinity":5,"f:46:8:46:23":2,"s:47:21:51:Infinity":6,"s:52:4:52:Infinity":7,"f:57:8:57:15":3,"s:58:18:58:Infinity":8,"s:59:4:66:Infinity":9,"f:72:8:72:14":4,"s:73:21:76:Infinity":10,"s:77:4:77:Infinity":11,"f:81:8:81:17":5,"s:82:21:85:Infinity":12,"s:86:4:86:Infinity":13,"f:90:8:90:30":6,"s:91:21:94:Infinity":14,"s:95:4:95:Infinity":15,"f:99:8:99:21":7,"s:100:21:102:Infinity":16,"s:103:4:103:Infinity":17,"f:108:8:108:23":8,"s:109:4:109:Infinity":18,"s:110:4:110:Infinity":19,"s:111:4:120:Infinity":20,"s:112:23:114:Infinity":21,"s:115:6:115:Infinity":22,"s:116:6:116:Infinity":23,"s:118:6:118:Infinity":24,"s:119:6:119:Infinity":25,"f:125:8:125:Infinity":9,"s:130:21:134:Infinity":26,"s:135:4:135:Infinity":27}}}
,"/Users/excollodev/Downloads/RHP-Document/smart-rhp-pilot/src/services/workspaceContext.ts": {"path":"/Users/excollodev/Downloads/RHP-Document/smart-rhp-pilot/src/services/workspaceContext.ts","statementMap":{"0":{"start":{"line":10,"column":35},"end":{"line":35,"column":null}},"1":{"start":{"line":11,"column":2},"end":{"line":34,"column":null}},"2":{"start":{"line":12,"column":24},"end":{"line":12,"column":null}},"3":{"start":{"line":13,"column":4},"end":{"line":13,"column":null}},"4":{"start":{"line":13,"column":22},"end":{"line":13,"column":null}},"5":{"start":{"line":15,"column":20},"end":{"line":15,"column":null}},"6":{"start":{"line":16,"column":23},"end":{"line":16,"column":null}},"7":{"start":{"line":18,"column":29},"end":{"line":18,"column":null}},"8":{"start":{"line":22,"column":4},"end":{"line":27,"column":null}},"9":{"start":{"line":26,"column":6},"end":{"line":26,"column":null}},"10":{"start":{"line":30,"column":4},"end":{"line":30,"column":null}},"11":{"start":{"line":32,"column":4},"end":{"line":32,"column":null}},"12":{"start":{"line":33,"column":4},"end":{"line":33,"column":null}},"13":{"start":{"line":38,"column":35},"end":{"line":44,"column":null}},"14":{"start":{"line":39,"column":2},"end":{"line":43,"column":null}},"15":{"start":{"line":40,"column":4},"end":{"line":40,"column":null}},"16":{"start":{"line":42,"column":4},"end":{"line":42,"column":null}},"17":{"start":{"line":47,"column":37},"end":{"line":53,"column":null}},"18":{"start":{"line":48,"column":2},"end":{"line":52,"column":null}},"19":{"start":{"line":49,"column":4},"end":{"line":49,"column":null}},"20":{"start":{"line":51,"column":4},"end":{"line":51,"column":null}},"21":{"start":{"line":56,"column":32},"end":{"line":78,"column":null}},"22":{"start":{"line":60,"column":2},"end":{"line":77,"column":null}},"23":{"start":{"line":61,"column":22},"end":{"line":62,"column":null}},"24":{"start":{"line":62,"column":14},"end":{"line":62,"column":63}},"25":{"start":{"line":65,"column":4},"end":{"line":71,"column":null}},"26":{"start":{"line":66,"column":6},"end":{"line":70,"column":null}},"27":{"start":{"line":73,"column":4},"end":{"line":73,"column":null}},"28":{"start":{"line":75,"column":4},"end":{"line":75,"column":null}},"29":{"start":{"line":76,"column":4},"end":{"line":76,"column":null}},"30":{"start":{"line":81,"column":34},"end":{"line":93,"column":null}},"31":{"start":{"line":85,"column":2},"end":{"line":92,"column":null}},"32":{"start":{"line":86,"column":4},"end":{"line":87,"column":null}},"33":{"start":{"line":87,"column":14},"end":{"line":87,"column":63}},"34":{"start":{"line":90,"column":4},"end":{"line":90,"column":null}},"35":{"start":{"line":91,"column":4},"end":{"line":91,"column":null}},"36":{"start":{"line":96,"column":41},"end":{"line":105,"column":null}},"37":{"start":{"line":97,"column":2},"end":{"line":104,"column":null}},"38":{"start":{"line":98,"column":4},"end":{"line":100,"column":null}},"39":{"start":{"line":99,"column":22},"end":{"line":99,"column":33}},"40":{"start":{"line":100,"column":19},"end":{"line":100,"column":37}},"41":{"start":{"line":102,"column":4},"end":{"line":102,"column":null}},"42":{"start":{"line":103,"column":4},"end":{"line":103,"column":null}}},"fnMap":{"0":{"name":"(anonymous_0)","decl":{"start":{"line":10,"column":35},"end":{"line":10,"column":null}},"loc":{"start":{"line":10,"column":35},"end":{"line":35,"column":null}},"line":10},"1":{"name":"(anonymous_1)","decl":{"start":{"line":38,"column":35},"end":{"line":38,"column":36}},"loc":{"start":{"line":38,"column":36},"end":{"line":44,"column":null}},"line":38},"2":{"name":"(anonymous_2)","decl":{"start":{"line":47,"column":37},"end":{"line":47,"column":null}},"loc":{"start":{"line":47,"column":37},"end":{"line":53,"column":null}},"line":47},"3":{"name":"(anonymous_3)","decl":{"start":{"line":56,"column":32},"end":{"line":56,"column":null}},"loc":{"start":{"line":58,"column":2},"end":{"line":78,"column":null}},"line":58},"4":{"name":"(anonymous_4)","decl":{"start":{"line":62,"column":6},"end":{"line":62,"column":7}},"loc":{"start":{"line":62,"column":14},"end":{"line":62,"column":63}},"line":62},"5":{"name":"(anonymous_5)","decl":{"start":{"line":81,"column":34},"end":{"line":81,"column":null}},"loc":{"start":{"line":83,"column":2},"end":{"line":93,"column":null}},"line":83},"6":{"name":"(anonymous_6)","decl":{"start":{"line":87,"column":6},"end":{"line":87,"column":7}},"loc":{"start":{"line":87,"column":14},"end":{"line":87,"column":63}},"line":87},"7":{"name":"(anonymous_7)","decl":{"start":{"line":96,"column":41},"end":{"line":96,"column":42}},"loc":{"start":{"line":96,"column":42},"end":{"line":105,"column":null}},"line":96},"8":{"name":"(anonymous_8)","decl":{"start":{"line":99,"column":14},"end":{"line":99,"column":15}},"loc":{"start":{"line":99,"column":22},"end":{"line":99,"column":33}},"line":99},"9":{"name":"(anonymous_9)","decl":{"start":{"line":100,"column":11},"end":{"line":100,"column":12}},"loc":{"start":{"line":100,"column":19},"end":{"line":100,"column":37}},"line":100}},"branchMap":{"0":{"loc":{"start":{"line":13,"column":4},"end":{"line":13,"column":null}},"type":"if","locations":[{"start":{"line":13,"column":4},"end":{"line":13,"column":null}},{"start":{},"end":{}}],"line":13},"1":{"loc":{"start":{"line":16,"column":23},"end":{"line":16,"column":null}},"type":"binary-expr","locations":[{"start":{"line":16,"column":23},"end":{"line":16,"column":37}},{"start":{"line":16,"column":41},"end":{"line":16,"column":null}}],"line":16},"2":{"loc":{"start":{"line":22,"column":4},"end":{"line":27,"column":null}},"type":"if","locations":[{"start":{"line":22,"column":4},"end":{"line":27,"column":null}},{"start":{},"end":{}}],"line":22},"3":{"loc":{"start":{"line":62,"column":14},"end":{"line":62,"column":63}},"type":"binary-expr","locations":[{"start":{"line":62,"column":14},"end":{"line":62,"column":52}},{"start":{"line":62,"column":52},"end":{"line":62,"column":63}}],"line":62},"4":{"loc":{"start":{"line":65,"column":4},"end":{"line":71,"column":null}},"type":"if","locations":[{"start":{"line":65,"column":4},"end":{"line":71,"column":null}},{"start":{},"end":{}}],"line":65},"5":{"loc":{"start":{"line":69,"column":16},"end":{"line":69,"column":null}},"type":"binary-expr","locations":[{"start":{"line":69,"column":16},"end":{"line":69,"column":32}},{"start":{"line":69,"column":36},"end":{"line":69,"column":61}},{"start":{"line":69,"column":61},"end":{"line":69,"column":null}}],"line":69},"6":{"loc":{"start":{"line":87,"column":14},"end":{"line":87,"column":63}},"type":"binary-expr","locations":[{"start":{"line":87,"column":14},"end":{"line":87,"column":52}},{"start":{"line":87,"column":52},"end":{"line":87,"column":63}}],"line":87}},"s":{"0":1,"1":0,"2":0,"3":0,"4":0,"5":0,"6":0,"7":0,"8":0,"9":0,"10":0,"11":0,"12":0,"13":1,"14":0,"15":0,"16":0,"17":1,"18":0,"19":0,"20":0,"21":1,"22":0,"23":0,"24":0,"25":0,"26":0,"27":0,"28":0,"29":0,"30":1,"31":0,"32":0,"33":0,"34":0,"35":0,"36":1,"37":0,"38":0,"39":0,"40":0,"41":0,"42":0},"f":{"0":0,"1":0,"2":0,"3":0,"4":0,"5":0,"6":0,"7":0,"8":0,"9":0},"b":{"0":[0,0],"1":[0,0],"2":[0,0],"3":[0,0],"4":[0,0],"5":[0,0,0],"6":[0,0]},"meta":{"lastBranch":7,"lastFunction":10,"lastStatement":43,"seen":{"s:10:35:35:Infinity":0,"f:10:35:10:Infinity":0,"s:11:2:34:Infinity":1,"s:12:24:12:Infinity":2,"b:13:4:13:Infinity:undefined:undefined:undefined:undefined":0,"s:13:4:13:Infinity":3,"s:13:22:13:Infinity":4,"s:15:20:15:Infinity":5,"s:16:23:16:Infinity":6,"b:16:23:16:37:16:41:16:Infinity":1,"s:18:29:18:Infinity":7,"b:22:4:27:Infinity:undefined:undefined:undefined:undefined":2,"s:22:4:27:Infinity":8,"s:26:6:26:Infinity":9,"s:30:4:30:Infinity":10,"s:32:4:32:Infinity":11,"s:33:4:33:Infinity":12,"s:38:35:44:Infinity":13,"f:38:35:38:36":1,"s:39:2:43:Infinity":14,"s:40:4:40:Infinity":15,"s:42:4:42:Infinity":16,"s:47:37:53:Infinity":17,"f:47:37:47:Infinity":2,"s:48:2:52:Infinity":18,"s:49:4:49:Infinity":19,"s:51:4:51:Infinity":20,"s:56:32:78:Infinity":21,"f:56:32:56:Infinity":3,"s:60:2:77:Infinity":22,"s:61:22:62:Infinity":23,"f:62:6:62:7":4,"s:62:14:62:63":24,"b:62:14:62:52:62:52:62:63":3,"b:65:4:71:Infinity:undefined:undefined:undefined:undefined":4,"s:65:4:71:Infinity":25,"s:66:6:70:Infinity":26,"b:69:16:69:32:69:36:69:61:69:61:69:Infinity":5,"s:73:4:73:Infinity":27,"s:75:4:75:Infinity":28,"s:76:4:76:Infinity":29,"s:81:34:93:Infinity":30,"f:81:34:81:Infinity":5,"s:85:2:92:Infinity":31,"s:86:4:87:Infinity":32,"f:87:6:87:7":6,"s:87:14:87:63":33,"b:87:14:87:52:87:52:87:63":6,"s:90:4:90:Infinity":34,"s:91:4:91:Infinity":35,"s:96:41:105:Infinity":36,"f:96:41:96:42":7,"s:97:2:104:Infinity":37,"s:98:4:100:Infinity":38,"f:99:14:99:15":8,"s:99:22:99:33":39,"f:100:11:100:12":9,"s:100:19:100:37":40,"s:102:4:102:Infinity":41,"s:103:4:103:Infinity":42}}}
,"/Users/excollodev/Downloads/RHP-Document/smart-rhp-pilot/src/services/workspaceInvitationService.ts": {"path":"/Users/excollodev/Downloads/RHP-Document/smart-rhp-pilot/src/services/workspaceInvitationService.ts","statementMap":{"0":{"start":{"line":4,"column":16},"end":{"line":4,"column":null}},"1":{"start":{"line":109,"column":42},"end":{"line":407,"column":null}},"2":{"start":{"line":114,"column":18},"end":{"line":114,"column":null}},"3":{"start":{"line":115,"column":21},"end":{"line":120,"column":null}},"4":{"start":{"line":122,"column":4},"end":{"line":122,"column":null}},"5":{"start":{"line":137,"column":18},"end":{"line":137,"column":null}},"6":{"start":{"line":138,"column":21},"end":{"line":141,"column":null}},"7":{"start":{"line":143,"column":4},"end":{"line":143,"column":null}},"8":{"start":{"line":148,"column":18},"end":{"line":148,"column":null}},"9":{"start":{"line":149,"column":10},"end":{"line":149,"column":null}},"10":{"start":{"line":150,"column":21},"end":{"line":158,"column":null}},"11":{"start":{"line":160,"column":4},"end":{"line":160,"column":null}},"12":{"start":{"line":165,"column":18},"end":{"line":165,"column":null}},"13":{"start":{"line":166,"column":21},"end":{"line":170,"column":null}},"14":{"start":{"line":172,"column":4},"end":{"line":172,"column":null}},"15":{"start":{"line":177,"column":18},"end":{"line":177,"column":null}},"16":{"start":{"line":178,"column":21},"end":{"line":182,"column":null}},"17":{"start":{"line":184,"column":4},"end":{"line":184,"column":null}},"18":{"start":{"line":191,"column":18},"end":{"line":191,"column":null}},"19":{"start":{"line":192,"column":21},"end":{"line":197,"column":null}},"20":{"start":{"line":199,"column":4},"end":{"line":199,"column":null}},"21":{"start":{"line":204,"column":18},"end":{"line":204,"column":null}},"22":{"start":{"line":205,"column":21},"end":{"line":210,"column":null}},"23":{"start":{"line":212,"column":4},"end":{"line":212,"column":null}},"24":{"start":{"line":217,"column":18},"end":{"line":217,"column":null}},"25":{"start":{"line":218,"column":21},"end":{"line":222,"column":null}},"26":{"start":{"line":224,"column":4},"end":{"line":224,"column":null}},"27":{"start":{"line":229,"column":18},"end":{"line":229,"column":null}},"28":{"start":{"line":230,"column":21},"end":{"line":234,"column":null}},"29":{"start":{"line":236,"column":4},"end":{"line":236,"column":null}},"30":{"start":{"line":244,"column":18},"end":{"line":244,"column":null}},"31":{"start":{"line":245,"column":21},"end":{"line":249,"column":null}},"32":{"start":{"line":251,"column":4},"end":{"line":251,"column":null}},"33":{"start":{"line":258,"column":18},"end":{"line":258,"column":null}},"34":{"start":{"line":259,"column":21},"end":{"line":264,"column":null}},"35":{"start":{"line":266,"column":4},"end":{"line":266,"column":null}},"36":{"start":{"line":273,"column":21},"end":{"line":273,"column":null}},"37":{"start":{"line":274,"column":4},"end":{"line":274,"column":null}},"38":{"start":{"line":282,"column":18},"end":{"line":282,"column":null}},"39":{"start":{"line":283,"column":21},"end":{"line":286,"column":null}},"40":{"start":{"line":288,"column":4},"end":{"line":288,"column":null}},"41":{"start":{"line":297,"column":18},"end":{"line":297,"column":null}},"42":{"start":{"line":298,"column":21},"end":{"line":301,"column":null}},"43":{"start":{"line":303,"column":4},"end":{"line":303,"column":null}},"44":{"start":{"line":311,"column":18},"end":{"line":311,"column":null}},"45":{"start":{"line":312,"column":21},"end":{"line":315,"column":null}},"46":{"start":{"line":317,"column":4},"end":{"line":317,"column":null}},"47":{"start":{"line":332,"column":18},"end":{"line":332,"column":null}},"48":{"start":{"line":333,"column":21},"end":{"line":335,"column":null}},"49":{"start":{"line":337,"column":4},"end":{"line":337,"column":null}},"50":{"start":{"line":342,"column":18},"end":{"line":342,"column":null}},"51":{"start":{"line":343,"column":10},"end":{"line":343,"column":null}},"52":{"start":{"line":344,"column":21},"end":{"line":351,"column":null}},"53":{"start":{"line":353,"column":4},"end":{"line":353,"column":null}},"54":{"start":{"line":361,"column":18},"end":{"line":361,"column":null}},"55":{"start":{"line":362,"column":10},"end":{"line":362,"column":null}},"56":{"start":{"line":363,"column":21},"end":{"line":371,"column":null}},"57":{"start":{"line":373,"column":4},"end":{"line":373,"column":null}},"58":{"start":{"line":378,"column":18},"end":{"line":378,"column":null}},"59":{"start":{"line":379,"column":10},"end":{"line":379,"column":null}},"60":{"start":{"line":380,"column":21},"end":{"line":387,"column":null}},"61":{"start":{"line":389,"column":4},"end":{"line":389,"column":null}},"62":{"start":{"line":394,"column":18},"end":{"line":394,"column":null}},"63":{"start":{"line":395,"column":10},"end":{"line":395,"column":null}},"64":{"start":{"line":396,"column":21},"end":{"line":403,"column":null}},"65":{"start":{"line":405,"column":4},"end":{"line":405,"column":null}}},"fnMap":{"0":{"name":"(anonymous_0)","decl":{"start":{"line":111,"column":8},"end":{"line":111,"column":null}},"loc":{"start":{"line":112,"column":10},"end":{"line":123,"column":null}},"line":112},"1":{"name":"(anonymous_1)","decl":{"start":{"line":126,"column":8},"end":{"line":126,"column":null}},"loc":{"start":{"line":135,"column":6},"end":{"line":144,"column":null}},"line":135},"2":{"name":"(anonymous_2)","decl":{"start":{"line":147,"column":8},"end":{"line":147,"column":25}},"loc":{"start":{"line":147,"column":45},"end":{"line":161,"column":null}},"line":147},"3":{"name":"(anonymous_3)","decl":{"start":{"line":164,"column":8},"end":{"line":164,"column":null}},"loc":{"start":{"line":164,"column":8},"end":{"line":173,"column":null}},"line":164},"4":{"name":"(anonymous_4)","decl":{"start":{"line":176,"column":8},"end":{"line":176,"column":30}},"loc":{"start":{"line":176,"column":43},"end":{"line":185,"column":null}},"line":176},"5":{"name":"(anonymous_5)","decl":{"start":{"line":188,"column":8},"end":{"line":188,"column":null}},"loc":{"start":{"line":189,"column":18},"end":{"line":200,"column":null}},"line":189},"6":{"name":"(anonymous_6)","decl":{"start":{"line":203,"column":8},"end":{"line":203,"column":26}},"loc":{"start":{"line":203,"column":46},"end":{"line":213,"column":null}},"line":203},"7":{"name":"(anonymous_7)","decl":{"start":{"line":216,"column":8},"end":{"line":216,"column":25}},"loc":{"start":{"line":216,"column":45},"end":{"line":225,"column":null}},"line":216},"8":{"name":"(anonymous_8)","decl":{"start":{"line":228,"column":8},"end":{"line":228,"column":25}},"loc":{"start":{"line":228,"column":45},"end":{"line":237,"column":null}},"line":228},"9":{"name":"(anonymous_9)","decl":{"start":{"line":240,"column":8},"end":{"line":240,"column":null}},"loc":{"start":{"line":240,"column":8},"end":{"line":252,"column":null}},"line":240},"10":{"name":"(anonymous_10)","decl":{"start":{"line":255,"column":8},"end":{"line":255,"column":null}},"loc":{"start":{"line":256,"column":21},"end":{"line":267,"column":null}},"line":256},"11":{"name":"(anonymous_11)","decl":{"start":{"line":270,"column":8},"end":{"line":270,"column":null}},"loc":{"start":{"line":271,"column":18},"end":{"line":275,"column":null}},"line":271},"12":{"name":"(anonymous_12)","decl":{"start":{"line":278,"column":8},"end":{"line":278,"column":null}},"loc":{"start":{"line":280,"column":19},"end":{"line":289,"column":null}},"line":280},"13":{"name":"(anonymous_13)","decl":{"start":{"line":292,"column":8},"end":{"line":292,"column":null}},"loc":{"start":{"line":295,"column":28},"end":{"line":304,"column":null}},"line":295},"14":{"name":"(anonymous_14)","decl":{"start":{"line":307,"column":8},"end":{"line":307,"column":null}},"loc":{"start":{"line":309,"column":17},"end":{"line":318,"column":null}},"line":309},"15":{"name":"(anonymous_15)","decl":{"start":{"line":321,"column":8},"end":{"line":321,"column":null}},"loc":{"start":{"line":322,"column":15},"end":{"line":338,"column":null}},"line":322},"16":{"name":"(anonymous_16)","decl":{"start":{"line":341,"column":8},"end":{"line":341,"column":null}},"loc":{"start":{"line":341,"column":8},"end":{"line":354,"column":null}},"line":341},"17":{"name":"(anonymous_17)","decl":{"start":{"line":357,"column":8},"end":{"line":357,"column":null}},"loc":{"start":{"line":359,"column":38},"end":{"line":374,"column":null}},"line":359},"18":{"name":"(anonymous_18)","decl":{"start":{"line":377,"column":8},"end":{"line":377,"column":30}},"loc":{"start":{"line":377,"column":44},"end":{"line":390,"column":null}},"line":377},"19":{"name":"(anonymous_19)","decl":{"start":{"line":393,"column":8},"end":{"line":393,"column":29}},"loc":{"start":{"line":393,"column":43},"end":{"line":406,"column":null}},"line":393}},"branchMap":{"0":{"loc":{"start":{"line":4,"column":16},"end":{"line":4,"column":null}},"type":"binary-expr","locations":[{"start":{"line":4,"column":16},"end":{"line":4,"column":44}},{"start":{"line":4,"column":48},"end":{"line":4,"column":null}}],"line":4},"1":{"loc":{"start":{"line":156,"column":14},"end":{"line":156,"column":null}},"type":"binary-expr","locations":[{"start":{"line":156,"column":14},"end":{"line":156,"column":34}},{"start":{"line":156,"column":34},"end":{"line":156,"column":null}}],"line":156},"2":{"loc":{"start":{"line":349,"column":14},"end":{"line":349,"column":null}},"type":"binary-expr","locations":[{"start":{"line":349,"column":14},"end":{"line":349,"column":34}},{"start":{"line":349,"column":34},"end":{"line":349,"column":null}}],"line":349},"3":{"loc":{"start":{"line":369,"column":14},"end":{"line":369,"column":null}},"type":"binary-expr","locations":[{"start":{"line":369,"column":14},"end":{"line":369,"column":34}},{"start":{"line":369,"column":34},"end":{"line":369,"column":null}}],"line":369},"4":{"loc":{"start":{"line":385,"column":14},"end":{"line":385,"column":null}},"type":"binary-expr","locations":[{"start":{"line":385,"column":14},"end":{"line":385,"column":34}},{"start":{"line":385,"column":34},"end":{"line":385,"column":null}}],"line":385},"5":{"loc":{"start":{"line":401,"column":14},"end":{"line":401,"column":null}},"type":"binary-expr","locations":[{"start":{"line":401,"column":14},"end":{"line":401,"column":34}},{"start":{"line":401,"column":34},"end":{"line":401,"column":null}}],"line":401}},"s":{"0":1,"1":1,"2":0,"3":0,"4":0,"5":0,"6":0,"7":0,"8":0,"9":0,"10":0,"11":0,"12":0,"13":0,"14":0,"15":0,"16":0,"17":0,"18":0,"19":0,"20":0,"21":0,"22":0,"23":0,"24":0,"25":0,"26":0,"27":0,"28":0,"29":0,"30":0,"31":0,"32":0,"33":0,"34":0,"35":0,"36":0,"37":0,"38":0,"39":0,"40":0,"41":0,"42":0,"43":0,"44":0,"45":0,"46":0,"47":0,"48":0,"49":0,"50":0,"51":0,"52":0,"53":0,"54":0,"55":0,"56":0,"57":0,"58":0,"59":0,"60":0,"61":0,"62":0,"63":0,"64":0,"65":0},"f":{"0":0,"1":0,"2":0,"3":0,"4":0,"5":0,"6":0,"7":0,"8":0,"9":0,"10":0,"11":0,"12":0,"13":0,"14":0,"15":0,"16":0,"17":0,"18":0,"19":0},"b":{"0":[1,0],"1":[0,0],"2":[0,0],"3":[0,0],"4":[0,0],"5":[0,0]},"meta":{"lastBranch":6,"lastFunction":20,"lastStatement":66,"seen":{"s:4:16:4:Infinity":0,"b:4:16:4:44:4:48:4:Infinity":0,"s:109:42:407:Infinity":1,"f:111:8:111:Infinity":0,"s:114:18:114:Infinity":2,"s:115:21:120:Infinity":3,"s:122:4:122:Infinity":4,"f:126:8:126:Infinity":1,"s:137:18:137:Infinity":5,"s:138:21:141:Infinity":6,"s:143:4:143:Infinity":7,"f:147:8:147:25":2,"s:148:18:148:Infinity":8,"s:149:10:149:Infinity":9,"s:150:21:158:Infinity":10,"b:156:14:156:34:156:34:156:Infinity":1,"s:160:4:160:Infinity":11,"f:164:8:164:Infinity":3,"s:165:18:165:Infinity":12,"s:166:21:170:Infinity":13,"s:172:4:172:Infinity":14,"f:176:8:176:30":4,"s:177:18:177:Infinity":15,"s:178:21:182:Infinity":16,"s:184:4:184:Infinity":17,"f:188:8:188:Infinity":5,"s:191:18:191:Infinity":18,"s:192:21:197:Infinity":19,"s:199:4:199:Infinity":20,"f:203:8:203:26":6,"s:204:18:204:Infinity":21,"s:205:21:210:Infinity":22,"s:212:4:212:Infinity":23,"f:216:8:216:25":7,"s:217:18:217:Infinity":24,"s:218:21:222:Infinity":25,"s:224:4:224:Infinity":26,"f:228:8:228:25":8,"s:229:18:229:Infinity":27,"s:230:21:234:Infinity":28,"s:236:4:236:Infinity":29,"f:240:8:240:Infinity":9,"s:244:18:244:Infinity":30,"s:245:21:249:Infinity":31,"s:251:4:251:Infinity":32,"f:255:8:255:Infinity":10,"s:258:18:258:Infinity":33,"s:259:21:264:Infinity":34,"s:266:4:266:Infinity":35,"f:270:8:270:Infinity":11,"s:273:21:273:Infinity":36,"s:274:4:274:Infinity":37,"f:278:8:278:Infinity":12,"s:282:18:282:Infinity":38,"s:283:21:286:Infinity":39,"s:288:4:288:Infinity":40,"f:292:8:292:Infinity":13,"s:297:18:297:Infinity":41,"s:298:21:301:Infinity":42,"s:303:4:303:Infinity":43,"f:307:8:307:Infinity":14,"s:311:18:311:Infinity":44,"s:312:21:315:Infinity":45,"s:317:4:317:Infinity":46,"f:321:8:321:Infinity":15,"s:332:18:332:Infinity":47,"s:333:21:335:Infinity":48,"s:337:4:337:Infinity":49,"f:341:8:341:Infinity":16,"s:342:18:342:Infinity":50,"s:343:10:343:Infinity":51,"s:344:21:351:Infinity":52,"b:349:14:349:34:349:34:349:Infinity":2,"s:353:4:353:Infinity":53,"f:357:8:357:Infinity":17,"s:361:18:361:Infinity":54,"s:362:10:362:Infinity":55,"s:363:21:371:Infinity":56,"b:369:14:369:34:369:34:369:Infinity":3,"s:373:4:373:Infinity":57,"f:377:8:377:30":18,"s:378:18:378:Infinity":58,"s:379:10:379:Infinity":59,"s:380:21:387:Infinity":60,"b:385:14:385:34:385:34:385:Infinity":4,"s:389:4:389:Infinity":61,"f:393:8:393:29":19,"s:394:18:394:Infinity":62,"s:395:10:395:Infinity":63,"s:396:21:403:Infinity":64,"b:401:14:401:34:401:34:401:Infinity":5,"s:405:4:405:Infinity":65}}}
}
